::1 - - [30/Oct/2019:12:15:51 +0000] "GET / HTTP/1.1" 200 17232 "-" "Mozilla/5.0 (Windows NT 10.0; Win64; x64) AppleWebKit/537.36 (KHTML, like Gecko) Chrome/77.0.3865.120 Safari/537.36"
::1 - - [30/Oct/2019:12:15:51 +0000] "GET /css/bootstrap.min.css HTTP/1.1" 200 121205 "http://localhost:8000/" "Mozilla/5.0 (Windows NT 10.0; Win64; x64) AppleWebKit/537.36 (KHTML, like Gecko) Chrome/77.0.3865.120 Safari/537.36"
::1 - - [30/Oct/2019:12:15:51 +0000] "GET /css/stylish-portfolio.css HTTP/1.1" 200 4138 "http://localhost:8000/" "Mozilla/5.0 (Windows NT 10.0; Win64; x64) AppleWebKit/537.36 (KHTML, like Gecko) Chrome/77.0.3865.120 Safari/537.36"
::1 - - [30/Oct/2019:12:15:51 +0000] "GET /js/bootstrap.min.js HTTP/1.1" 200 37051 "http://localhost:8000/" "Mozilla/5.0 (Windows NT 10.0; Win64; x64) AppleWebKit/537.36 (KHTML, like Gecko) Chrome/77.0.3865.120 Safari/537.36"
::1 - - [30/Oct/2019:12:15:51 +0000] "GET /font-awesome/css/font-awesome.min.css HTTP/1.1" 200 23742 "http://localhost:8000/" "Mozilla/5.0 (Windows NT 10.0; Win64; x64) AppleWebKit/537.36 (KHTML, like Gecko) Chrome/77.0.3865.120 Safari/537.36"
::1 - - [30/Oct/2019:12:15:51 +0000] "GET /js/jquery.js HTTP/1.1" 200 95788 "http://localhost:8000/" "Mozilla/5.0 (Windows NT 10.0; Win64; x64) AppleWebKit/537.36 (KHTML, like Gecko) Chrome/77.0.3865.120 Safari/537.36"
::1 - - [30/Oct/2019:12:15:52 +0000] "GET /img/bg.jpg HTTP/1.1" 200 158488 "http://localhost:8000/css/stylish-portfolio.css" "Mozilla/5.0 (Windows NT 10.0; Win64; x64) AppleWebKit/537.36 (KHTML, like Gecko) Chrome/77.0.3865.120 Safari/537.36"
::1 - - [30/Oct/2019:12:15:52 +0000] "GET /font-awesome/fonts/fontawesome-webfont.woff2?v=4.3.0 HTTP/1.1" 200 56780 "http://localhost:8000/font-awesome/css/font-awesome.min.css" "Mozilla/5.0 (Windows NT 10.0; Win64; x64) AppleWebKit/537.36 (KHTML, like Gecko) Chrome/77.0.3865.120 Safari/537.36"
::1 - - [30/Oct/2019:12:15:52 +0000] "GET /favicon.ico HTTP/1.1" 404 47 "http://localhost:8000/" "Mozilla/5.0 (Windows NT 10.0; Win64; x64) AppleWebKit/537.36 (KHTML, like Gecko) Chrome/77.0.3865.120 Safari/537.36"
::1 - - [30/Oct/2019:12:15:58 +0000] "GET /todolist/gdhong HTTP/1.1" 200 119 "http://localhost:8000/" "Mozilla/5.0 (Windows NT 10.0; Win64; x64) AppleWebKit/537.36 (KHTML, like Gecko) Chrome/77.0.3865.120 Safari/537.36"
::1 - - [30/Oct/2019:12:19:04 +0000] "GET /todolist/gdhong HTTP/1.1" 200 119 "http://localhost:8080/todos" "Mozilla/5.0 (Windows NT 10.0; Win64; x64) AppleWebKit/537.36 (KHTML, like Gecko) Chrome/77.0.3865.120 Safari/537.36"
::1 - - [30/Oct/2019:12:19:08 +0000] "GET /todolist/gdhong HTTP/1.1" 200 119 "http://localhost:8080/todos" "Mozilla/5.0 (Windows NT 10.0; Win64; x64) AppleWebKit/537.36 (KHTML, like Gecko) Chrome/77.0.3865.120 Safari/537.36"
::1 - - [30/Oct/2019:12:20:04 +0000] "GET /todolist/gdhong HTTP/1.1" 200 2 "http://localhost:8080/todos" "Mozilla/5.0 (Windows NT 10.0; Win64; x64) AppleWebKit/537.36 (KHTML, like Gecko) Chrome/77.0.3865.120 Safari/537.36"
::1 - - [30/Oct/2019:12:21:00 +0000] "GET /todolist/gdhong HTTP/1.1" 200 376 "http://localhost:8080/todos" "Mozilla/5.0 (Windows NT 10.0; Win64; x64) AppleWebKit/537.36 (KHTML, like Gecko) Chrome/77.0.3865.120 Safari/537.36"
::1 - - [30/Oct/2019:12:21:44 +0000] "GET /todolist/gdhong HTTP/1.1" 200 376 "http://localhost:8080/todos" "Mozilla/5.0 (Windows NT 10.0; Win64; x64) AppleWebKit/537.36 (KHTML, like Gecko) Chrome/77.0.3865.120 Safari/537.36"
::1 - - [30/Oct/2019:12:21:47 +0000] "GET /todolist/gdhong HTTP/1.1" 200 376 "http://localhost:8080/todos" "Mozilla/5.0 (Windows NT 10.0; Win64; x64) AppleWebKit/537.36 (KHTML, like Gecko) Chrome/77.0.3865.120 Safari/537.36"
::1 - - [30/Oct/2019:12:22:09 +0000] "GET /todolist/gdhong HTTP/1.1" 200 374 "http://localhost:8080/todos" "Mozilla/5.0 (Windows NT 10.0; Win64; x64) AppleWebKit/537.36 (KHTML, like Gecko) Chrome/77.0.3865.120 Safari/537.36"
::1 - - [30/Oct/2019:12:22:53 +0000] "PUT /todolist/gdhong/1572438124977/done HTTP/1.1" 200 113 "http://localhost:8080/todos" "Mozilla/5.0 (Windows NT 10.0; Win64; x64) AppleWebKit/537.36 (KHTML, like Gecko) Chrome/77.0.3865.120 Safari/537.36"
::1 - - [30/Oct/2019:12:22:56 +0000] "POST /todolist/gdhong/ HTTP/1.1" 200 99 "http://localhost:8080/todos" "Mozilla/5.0 (Windows NT 10.0; Win64; x64) AppleWebKit/537.36 (KHTML, like Gecko) Chrome/77.0.3865.120 Safari/537.36"
::1 - - [30/Oct/2019:12:26:17 +0000] "GET /todolist/gdhong HTTP/1.1" 200 432 "http://localhost:8080/todos" "Mozilla/5.0 (Windows NT 10.0; Win64; x64) AppleWebKit/537.36 (KHTML, like Gecko) Chrome/77.0.3865.120 Safari/537.36"
::1 - - [30/Oct/2019:12:26:20 +0000] "GET /todolist/gdhong HTTP/1.1" 200 432 "http://localhost:8080/todos" "Mozilla/5.0 (Windows NT 10.0; Win64; x64) AppleWebKit/537.36 (KHTML, like Gecko) Chrome/77.0.3865.120 Safari/537.36"
::1 - - [30/Oct/2019:12:26:38 +0000] "GET /todolist/gdhong HTTP/1.1" 200 374 "http://localhost:8080/todos" "Mozilla/5.0 (Windows NT 10.0; Win64; x64) AppleWebKit/537.36 (KHTML, like Gecko) Chrome/77.0.3865.120 Safari/537.36"
::1 - - [30/Oct/2019:12:28:16 +0000] "GET /todolist/gdhong HTTP/1.1" 200 87 "http://localhost:8080/todos" "Mozilla/5.0 (Windows NT 10.0; Win64; x64) AppleWebKit/537.36 (KHTML, like Gecko) Chrome/77.0.3865.120 Safari/537.36"
::1 - - [30/Oct/2019:12:28:44 +0000] "GET /todolist/gdhong HTTP/1.1" 200 374 "http://localhost:8080/todos" "Mozilla/5.0 (Windows NT 10.0; Win64; x64) AppleWebKit/537.36 (KHTML, like Gecko) Chrome/77.0.3865.120 Safari/537.36"
::1 - - [30/Oct/2019:12:28:50 +0000] "POST /todolist/gdhong/ HTTP/1.1" 200 101 "http://localhost:8080/todos" "Mozilla/5.0 (Windows NT 10.0; Win64; x64) AppleWebKit/537.36 (KHTML, like Gecko) Chrome/77.0.3865.120 Safari/537.36"
::1 - - [30/Oct/2019:12:28:53 +0000] "POST /todolist/gdhong/ HTTP/1.1" 200 101 "http://localhost:8080/todos" "Mozilla/5.0 (Windows NT 10.0; Win64; x64) AppleWebKit/537.36 (KHTML, like Gecko) Chrome/77.0.3865.120 Safari/537.36"
::1 - - [30/Oct/2019:12:28:56 +0000] "POST /todolist/gdhong/ HTTP/1.1" 200 101 "http://localhost:8080/todos" "Mozilla/5.0 (Windows NT 10.0; Win64; x64) AppleWebKit/537.36 (KHTML, like Gecko) Chrome/77.0.3865.120 Safari/537.36"
::1 - - [30/Oct/2019:12:28:59 +0000] "GET /todolist/gdhong HTTP/1.1" 200 557 "http://localhost:8080/todos" "Mozilla/5.0 (Windows NT 10.0; Win64; x64) AppleWebKit/537.36 (KHTML, like Gecko) Chrome/77.0.3865.120 Safari/537.36"
::1 - - [30/Oct/2019:12:29:09 +0000] "GET /todolist/gdhong HTTP/1.1" 200 374 "http://localhost:8080/todos" "Mozilla/5.0 (Windows NT 10.0; Win64; x64) AppleWebKit/537.36 (KHTML, like Gecko) Chrome/77.0.3865.120 Safari/537.36"
::1 - - [30/Oct/2019:12:29:17 +0000] "POST /todolist/gdhong/ HTTP/1.1" 200 101 "http://localhost:8080/todos" "Mozilla/5.0 (Windows NT 10.0; Win64; x64) AppleWebKit/537.36 (KHTML, like Gecko) Chrome/77.0.3865.120 Safari/537.36"
::1 - - [30/Oct/2019:12:29:18 +0000] "PUT /todolist/gdhong/1572438390875/done HTTP/1.1" 200 112 "http://localhost:8080/todos" "Mozilla/5.0 (Windows NT 10.0; Win64; x64) AppleWebKit/537.36 (KHTML, like Gecko) Chrome/77.0.3865.120 Safari/537.36"
::1 - - [30/Oct/2019:12:29:21 +0000] "POST /todolist/gdhong/ HTTP/1.1" 200 100 "http://localhost:8080/todos" "Mozilla/5.0 (Windows NT 10.0; Win64; x64) AppleWebKit/537.36 (KHTML, like Gecko) Chrome/77.0.3865.120 Safari/537.36"
::1 - - [30/Oct/2019:12:29:23 +0000] "POST /todolist/gdhong/ HTTP/1.1" 200 101 "http://localhost:8080/todos" "Mozilla/5.0 (Windows NT 10.0; Win64; x64) AppleWebKit/537.36 (KHTML, like Gecko) Chrome/77.0.3865.120 Safari/537.36"
::1 - - [30/Oct/2019:12:29:26 +0000] "GET /todolist/gdhong HTTP/1.1" 200 555 "http://localhost:8080/todos" "Mozilla/5.0 (Windows NT 10.0; Win64; x64) AppleWebKit/537.36 (KHTML, like Gecko) Chrome/77.0.3865.120 Safari/537.36"
::1 - - [30/Oct/2019:12:29:44 +0000] "GET /todolist/gdhong HTTP/1.1" 200 374 "http://localhost:8080/todos" "Mozilla/5.0 (Windows NT 10.0; Win64; x64) AppleWebKit/537.36 (KHTML, like Gecko) Chrome/77.0.3865.120 Safari/537.36"
::1 - - [30/Oct/2019:12:29:48 +0000] "POST /todolist/gdhong/ HTTP/1.1" 200 101 "http://localhost:8080/todos" "Mozilla/5.0 (Windows NT 10.0; Win64; x64) AppleWebKit/537.36 (KHTML, like Gecko) Chrome/77.0.3865.120 Safari/537.36"
::1 - - [30/Oct/2019:12:29:51 +0000] "POST /todolist/gdhong/ HTTP/1.1" 200 100 "http://localhost:8080/todos" "Mozilla/5.0 (Windows NT 10.0; Win64; x64) AppleWebKit/537.36 (KHTML, like Gecko) Chrome/77.0.3865.120 Safari/537.36"
::1 - - [30/Oct/2019:12:29:52 +0000] "PUT /todolist/gdhong/1572438390875/done HTTP/1.1" 200 112 "http://localhost:8080/todos" "Mozilla/5.0 (Windows NT 10.0; Win64; x64) AppleWebKit/537.36 (KHTML, like Gecko) Chrome/77.0.3865.120 Safari/537.36"
::1 - - [30/Oct/2019:12:29:54 +0000] "POST /todolist/gdhong/ HTTP/1.1" 200 100 "http://localhost:8080/todos" "Mozilla/5.0 (Windows NT 10.0; Win64; x64) AppleWebKit/537.36 (KHTML, like Gecko) Chrome/77.0.3865.120 Safari/537.36"
::1 - - [30/Oct/2019:12:29:57 +0000] "GET /todolist/gdhong HTTP/1.1" 200 554 "http://localhost:8080/todos" "Mozilla/5.0 (Windows NT 10.0; Win64; x64) AppleWebKit/537.36 (KHTML, like Gecko) Chrome/77.0.3865.120 Safari/537.36"
::1 - - [30/Oct/2019:12:30:48 +0000] "GET /todolist/gdhong HTTP/1.1" 200 554 "http://localhost:8080/todos" "Mozilla/5.0 (Windows NT 10.0; Win64; x64) AppleWebKit/537.36 (KHTML, like Gecko) Chrome/77.0.3865.120 Safari/537.36"
::1 - - [30/Oct/2019:12:30:58 +0000] "GET /todolist/gdhong HTTP/1.1" 200 554 "http://localhost:8080/todos" "Mozilla/5.0 (Windows NT 10.0; Win64; x64) AppleWebKit/537.36 (KHTML, like Gecko) Chrome/77.0.3865.120 Safari/537.36"
::1 - - [30/Oct/2019:12:31:02 +0000] "POST /todolist/gdhong/ HTTP/1.1" 200 100 "http://localhost:8080/todos" "Mozilla/5.0 (Windows NT 10.0; Win64; x64) AppleWebKit/537.36 (KHTML, like Gecko) Chrome/77.0.3865.120 Safari/537.36"
::1 - - [30/Oct/2019:12:31:05 +0000] "POST /todolist/gdhong/ HTTP/1.1" 200 101 "http://localhost:8080/todos" "Mozilla/5.0 (Windows NT 10.0; Win64; x64) AppleWebKit/537.36 (KHTML, like Gecko) Chrome/77.0.3865.120 Safari/537.36"
::1 - - [30/Oct/2019:12:31:08 +0000] "POST /todolist/gdhong/ HTTP/1.1" 200 100 "http://localhost:8080/todos" "Mozilla/5.0 (Windows NT 10.0; Win64; x64) AppleWebKit/537.36 (KHTML, like Gecko) Chrome/77.0.3865.120 Safari/537.36"
::1 - - [30/Oct/2019:12:31:10 +0000] "GET /todolist/gdhong HTTP/1.1" 200 735 "http://localhost:8080/todos" "Mozilla/5.0 (Windows NT 10.0; Win64; x64) AppleWebKit/537.36 (KHTML, like Gecko) Chrome/77.0.3865.120 Safari/537.36"
::1 - - [30/Oct/2019:12:31:13 +0000] "DELETE /todolist/gdhong/1572438668085 HTTP/1.1" 200 86 "http://localhost:8080/todos" "Mozilla/5.0 (Windows NT 10.0; Win64; x64) AppleWebKit/537.36 (KHTML, like Gecko) Chrome/77.0.3865.120 Safari/537.36"
::1 - - [30/Oct/2019:12:31:13 +0000] "DELETE /todolist/gdhong/1572438665025 HTTP/1.1" 200 87 "http://localhost:8080/todos" "Mozilla/5.0 (Windows NT 10.0; Win64; x64) AppleWebKit/537.36 (KHTML, like Gecko) Chrome/77.0.3865.120 Safari/537.36"
::1 - - [30/Oct/2019:12:31:14 +0000] "DELETE /todolist/gdhong/1572438662156 HTTP/1.1" 200 87 "http://localhost:8080/todos" "Mozilla/5.0 (Windows NT 10.0; Win64; x64) AppleWebKit/537.36 (KHTML, like Gecko) Chrome/77.0.3865.120 Safari/537.36"
::1 - - [30/Oct/2019:12:31:14 +0000] "DELETE /todolist/gdhong/1572438594714 HTTP/1.1" 200 87 "http://localhost:8080/todos" "Mozilla/5.0 (Windows NT 10.0; Win64; x64) AppleWebKit/537.36 (KHTML, like Gecko) Chrome/77.0.3865.120 Safari/537.36"
::1 - - [30/Oct/2019:12:31:15 +0000] "DELETE /todolist/gdhong/1572438591753 HTTP/1.1" 200 87 "http://localhost:8080/todos" "Mozilla/5.0 (Windows NT 10.0; Win64; x64) AppleWebKit/537.36 (KHTML, like Gecko) Chrome/77.0.3865.120 Safari/537.36"
::1 - - [30/Oct/2019:12:31:15 +0000] "DELETE /todolist/gdhong/1572438588828 HTTP/1.1" 200 87 "http://localhost:8080/todos" "Mozilla/5.0 (Windows NT 10.0; Win64; x64) AppleWebKit/537.36 (KHTML, like Gecko) Chrome/77.0.3865.120 Safari/537.36"
::1 - - [30/Oct/2019:12:31:15 +0000] "PUT /todolist/gdhong/1572438390875/done HTTP/1.1" 200 113 "http://localhost:8080/todos" "Mozilla/5.0 (Windows NT 10.0; Win64; x64) AppleWebKit/537.36 (KHTML, like Gecko) Chrome/77.0.3865.120 Safari/537.36"
::1 - - [30/Oct/2019:12:31:16 +0000] "PUT /todolist/gdhong/1572438390874/done HTTP/1.1" 200 110 "http://localhost:8080/todos" "Mozilla/5.0 (Windows NT 10.0; Win64; x64) AppleWebKit/537.36 (KHTML, like Gecko) Chrome/77.0.3865.120 Safari/537.36"
::1 - - [30/Oct/2019:12:31:17 +0000] "DELETE /todolist/gdhong/1572438390873 HTTP/1.1" 200 94 "http://localhost:8080/todos" "Mozilla/5.0 (Windows NT 10.0; Win64; x64) AppleWebKit/537.36 (KHTML, like Gecko) Chrome/77.0.3865.120 Safari/537.36"
::1 - - [30/Oct/2019:12:31:17 +0000] "DELETE /todolist/gdhong/123456789 HTTP/1.1" 200 90 "http://localhost:8080/todos" "Mozilla/5.0 (Windows NT 10.0; Win64; x64) AppleWebKit/537.36 (KHTML, like Gecko) Chrome/77.0.3865.120 Safari/537.36"
::1 - - [30/Oct/2019:12:31:18 +0000] "DELETE /todolist/gdhong/1572438390874 HTTP/1.1" 200 90 "http://localhost:8080/todos" "Mozilla/5.0 (Windows NT 10.0; Win64; x64) AppleWebKit/537.36 (KHTML, like Gecko) Chrome/77.0.3865.120 Safari/537.36"
::1 - - [30/Oct/2019:12:31:19 +0000] "DELETE /todolist/gdhong/1572438390875 HTTP/1.1" 200 93 "http://localhost:8080/todos" "Mozilla/5.0 (Windows NT 10.0; Win64; x64) AppleWebKit/537.36 (KHTML, like Gecko) Chrome/77.0.3865.120 Safari/537.36"
::1 - - [30/Oct/2019:12:31:21 +0000] "GET /todolist/gdhong HTTP/1.1" 200 2 "http://localhost:8080/todos" "Mozilla/5.0 (Windows NT 10.0; Win64; x64) AppleWebKit/537.36 (KHTML, like Gecko) Chrome/77.0.3865.120 Safari/537.36"
::1 - - [30/Oct/2019:12:31:37 +0000] "GET /todolist/gdhong HTTP/1.1" 200 2 "http://localhost:8080/todos" "Mozilla/5.0 (Windows NT 10.0; Win64; x64) AppleWebKit/537.36 (KHTML, like Gecko) Chrome/77.0.3865.120 Safari/537.36"
::1 - - [30/Oct/2019:12:31:58 +0000] "GET /todolist/gdhong HTTP/1.1" 200 2 "http://localhost:8080/todos" "Mozilla/5.0 (Windows NT 10.0; Win64; x64) AppleWebKit/537.36 (KHTML, like Gecko) Chrome/77.0.3865.120 Safari/537.36"
::1 - - [30/Oct/2019:12:32:37 +0000] "GET /todolist/gdhong HTTP/1.1" 200 374 "http://localhost:8080/todos" "Mozilla/5.0 (Windows NT 10.0; Win64; x64) AppleWebKit/537.36 (KHTML, like Gecko) Chrome/77.0.3865.120 Safari/537.36"
::1 - - [30/Oct/2019:12:32:41 +0000] "POST /todolist/gdhong/ HTTP/1.1" 200 99 "http://localhost:8080/todos" "Mozilla/5.0 (Windows NT 10.0; Win64; x64) AppleWebKit/537.36 (KHTML, like Gecko) Chrome/77.0.3865.120 Safari/537.36"
::1 - - [30/Oct/2019:12:32:44 +0000] "POST /todolist/gdhong/ HTTP/1.1" 200 98 "http://localhost:8080/todos" "Mozilla/5.0 (Windows NT 10.0; Win64; x64) AppleWebKit/537.36 (KHTML, like Gecko) Chrome/77.0.3865.120 Safari/537.36"
::1 - - [30/Oct/2019:12:32:46 +0000] "POST /todolist/gdhong/ HTTP/1.1" 200 98 "http://localhost:8080/todos" "Mozilla/5.0 (Windows NT 10.0; Win64; x64) AppleWebKit/537.36 (KHTML, like Gecko) Chrome/77.0.3865.120 Safari/537.36"
::1 - - [30/Oct/2019:12:32:49 +0000] "POST /todolist/gdhong/ HTTP/1.1" 200 98 "http://localhost:8080/todos" "Mozilla/5.0 (Windows NT 10.0; Win64; x64) AppleWebKit/537.36 (KHTML, like Gecko) Chrome/77.0.3865.120 Safari/537.36"
::1 - - [30/Oct/2019:12:32:51 +0000] "POST /todolist/gdhong/ HTTP/1.1" 200 99 "http://localhost:8080/todos" "Mozilla/5.0 (Windows NT 10.0; Win64; x64) AppleWebKit/537.36 (KHTML, like Gecko) Chrome/77.0.3865.120 Safari/537.36"
::1 - - [30/Oct/2019:12:32:54 +0000] "POST /todolist/gdhong/ HTTP/1.1" 200 99 "http://localhost:8080/todos" "Mozilla/5.0 (Windows NT 10.0; Win64; x64) AppleWebKit/537.36 (KHTML, like Gecko) Chrome/77.0.3865.120 Safari/537.36"
::1 - - [30/Oct/2019:12:32:57 +0000] "DELETE /todolist/gdhong/1572438774699 HTTP/1.1" 200 94 "http://localhost:8080/todos" "Mozilla/5.0 (Windows NT 10.0; Win64; x64) AppleWebKit/537.36 (KHTML, like Gecko) Chrome/77.0.3865.120 Safari/537.36"
::1 - - [30/Oct/2019:12:33:02 +0000] "DELETE /todolist/gdhong/1572438774699 HTTP/1.1" 200 94 "http://localhost:8080/todos" "Mozilla/5.0 (Windows NT 10.0; Win64; x64) AppleWebKit/537.36 (KHTML, like Gecko) Chrome/77.0.3865.120 Safari/537.36"
::1 - - [30/Oct/2019:12:33:04 +0000] "DELETE /todolist/gdhong/1572438774699 HTTP/1.1" 200 94 "http://localhost:8080/todos" "Mozilla/5.0 (Windows NT 10.0; Win64; x64) AppleWebKit/537.36 (KHTML, like Gecko) Chrome/77.0.3865.120 Safari/537.36"
::1 - - [30/Oct/2019:12:33:05 +0000] "DELETE /todolist/gdhong/1572438774699 HTTP/1.1" 200 94 "http://localhost:8080/todos" "Mozilla/5.0 (Windows NT 10.0; Win64; x64) AppleWebKit/537.36 (KHTML, like Gecko) Chrome/77.0.3865.120 Safari/537.36"
::1 - - [30/Oct/2019:12:33:05 +0000] "DELETE /todolist/gdhong/1572438774699 HTTP/1.1" 200 94 "http://localhost:8080/todos" "Mozilla/5.0 (Windows NT 10.0; Win64; x64) AppleWebKit/537.36 (KHTML, like Gecko) Chrome/77.0.3865.120 Safari/537.36"
::1 - - [30/Oct/2019:12:33:06 +0000] "DELETE /todolist/gdhong/1572438774699 HTTP/1.1" 200 94 "http://localhost:8080/todos" "Mozilla/5.0 (Windows NT 10.0; Win64; x64) AppleWebKit/537.36 (KHTML, like Gecko) Chrome/77.0.3865.120 Safari/537.36"
::1 - - [30/Oct/2019:12:33:06 +0000] "DELETE /todolist/gdhong/1572438774699 HTTP/1.1" 200 94 "http://localhost:8080/todos" "Mozilla/5.0 (Windows NT 10.0; Win64; x64) AppleWebKit/537.36 (KHTML, like Gecko) Chrome/77.0.3865.120 Safari/537.36"
::1 - - [30/Oct/2019:12:33:17 +0000] "DELETE /todolist/gdhong/1572438771824 HTTP/1.1" 200 94 "http://localhost:8080/todos" "Mozilla/5.0 (Windows NT 10.0; Win64; x64) AppleWebKit/537.36 (KHTML, like Gecko) Chrome/77.0.3865.120 Safari/537.36"
::1 - - [30/Oct/2019:12:33:25 +0000] "GET /todolist/gdhong HTTP/1.1" 200 725 "http://localhost:8080/todos" "Mozilla/5.0 (Windows NT 10.0; Win64; x64) AppleWebKit/537.36 (KHTML, like Gecko) Chrome/77.0.3865.120 Safari/537.36"
::1 - - [30/Oct/2019:12:33:29 +0000] "DELETE /todolist/gdhong/1572438774688 HTTP/1.1" 200 86 "http://localhost:8080/todos" "Mozilla/5.0 (Windows NT 10.0; Win64; x64) AppleWebKit/537.36 (KHTML, like Gecko) Chrome/77.0.3865.120 Safari/537.36"
::1 - - [30/Oct/2019:12:33:31 +0000] "DELETE /todolist/gdhong/1572438771820 HTTP/1.1" 200 86 "http://localhost:8080/todos" "Mozilla/5.0 (Windows NT 10.0; Win64; x64) AppleWebKit/537.36 (KHTML, like Gecko) Chrome/77.0.3865.120 Safari/537.36"
::1 - - [30/Oct/2019:12:33:31 +0000] "DELETE /todolist/gdhong/1572438769338 HTTP/1.1" 200 86 "http://localhost:8080/todos" "Mozilla/5.0 (Windows NT 10.0; Win64; x64) AppleWebKit/537.36 (KHTML, like Gecko) Chrome/77.0.3865.120 Safari/537.36"
::1 - - [30/Oct/2019:12:33:32 +0000] "DELETE /todolist/gdhong/1572438766712 HTTP/1.1" 200 86 "http://localhost:8080/todos" "Mozilla/5.0 (Windows NT 10.0; Win64; x64) AppleWebKit/537.36 (KHTML, like Gecko) Chrome/77.0.3865.120 Safari/537.36"
::1 - - [30/Oct/2019:12:33:33 +0000] "DELETE /todolist/gdhong/1572438764118 HTTP/1.1" 200 86 "http://localhost:8080/todos" "Mozilla/5.0 (Windows NT 10.0; Win64; x64) AppleWebKit/537.36 (KHTML, like Gecko) Chrome/77.0.3865.120 Safari/537.36"
::1 - - [30/Oct/2019:12:33:34 +0000] "DELETE /todolist/gdhong/1572438761338 HTTP/1.1" 200 86 "http://localhost:8080/todos" "Mozilla/5.0 (Windows NT 10.0; Win64; x64) AppleWebKit/537.36 (KHTML, like Gecko) Chrome/77.0.3865.120 Safari/537.36"
::1 - - [30/Oct/2019:12:33:34 +0000] "DELETE /todolist/gdhong/1572438752143 HTTP/1.1" 200 93 "http://localhost:8080/todos" "Mozilla/5.0 (Windows NT 10.0; Win64; x64) AppleWebKit/537.36 (KHTML, like Gecko) Chrome/77.0.3865.120 Safari/537.36"
::1 - - [30/Oct/2019:12:33:35 +0000] "DELETE /todolist/gdhong/1572438752142 HTTP/1.1" 200 90 "http://localhost:8080/todos" "Mozilla/5.0 (Windows NT 10.0; Win64; x64) AppleWebKit/537.36 (KHTML, like Gecko) Chrome/77.0.3865.120 Safari/537.36"
::1 - - [30/Oct/2019:12:33:36 +0000] "DELETE /todolist/gdhong/1572438752141 HTTP/1.1" 200 94 "http://localhost:8080/todos" "Mozilla/5.0 (Windows NT 10.0; Win64; x64) AppleWebKit/537.36 (KHTML, like Gecko) Chrome/77.0.3865.120 Safari/537.36"
::1 - - [30/Oct/2019:12:33:38 +0000] "DELETE /todolist/gdhong/123456789 HTTP/1.1" 200 90 "http://localhost:8080/todos" "Mozilla/5.0 (Windows NT 10.0; Win64; x64) AppleWebKit/537.36 (KHTML, like Gecko) Chrome/77.0.3865.120 Safari/537.36"
::1 - - [30/Oct/2019:12:33:46 +0000] "GET /todolist/gdhong HTTP/1.1" 200 2 "http://localhost:8080/todos" "Mozilla/5.0 (Windows NT 10.0; Win64; x64) AppleWebKit/537.36 (KHTML, like Gecko) Chrome/77.0.3865.120 Safari/537.36"
::1 - - [30/Oct/2019:12:33:50 +0000] "POST /todolist/gdhong/ HTTP/1.1" 200 100 "http://localhost:8080/todos" "Mozilla/5.0 (Windows NT 10.0; Win64; x64) AppleWebKit/537.36 (KHTML, like Gecko) Chrome/77.0.3865.120 Safari/537.36"
::1 - - [30/Oct/2019:12:33:53 +0000] "POST /todolist/gdhong/ HTTP/1.1" 200 100 "http://localhost:8080/todos" "Mozilla/5.0 (Windows NT 10.0; Win64; x64) AppleWebKit/537.36 (KHTML, like Gecko) Chrome/77.0.3865.120 Safari/537.36"
::1 - - [30/Oct/2019:12:33:55 +0000] "POST /todolist/gdhong/ HTTP/1.1" 200 100 "http://localhost:8080/todos" "Mozilla/5.0 (Windows NT 10.0; Win64; x64) AppleWebKit/537.36 (KHTML, like Gecko) Chrome/77.0.3865.120 Safari/537.36"
::1 - - [30/Oct/2019:12:33:57 +0000] "PUT /todolist/gdhong/1572438830306/done HTTP/1.1" 200 101 "http://localhost:8080/todos" "Mozilla/5.0 (Windows NT 10.0; Win64; x64) AppleWebKit/537.36 (KHTML, like Gecko) Chrome/77.0.3865.120 Safari/537.36"
::1 - - [30/Oct/2019:12:34:03 +0000] "PUT /todolist/gdhong/1572438830306/done HTTP/1.1" 200 101 "http://localhost:8080/todos" "Mozilla/5.0 (Windows NT 10.0; Win64; x64) AppleWebKit/537.36 (KHTML, like Gecko) Chrome/77.0.3865.120 Safari/537.36"
::1 - - [30/Oct/2019:12:34:04 +0000] "PUT /todolist/gdhong/1572438830306/done HTTP/1.1" 200 101 "http://localhost:8080/todos" "Mozilla/5.0 (Windows NT 10.0; Win64; x64) AppleWebKit/537.36 (KHTML, like Gecko) Chrome/77.0.3865.120 Safari/537.36"
::1 - - [30/Oct/2019:12:34:05 +0000] "PUT /todolist/gdhong/1572438833106/done HTTP/1.1" 200 101 "http://localhost:8080/todos" "Mozilla/5.0 (Windows NT 10.0; Win64; x64) AppleWebKit/537.36 (KHTML, like Gecko) Chrome/77.0.3865.120 Safari/537.36"
::1 - - [30/Oct/2019:12:34:06 +0000] "PUT /todolist/gdhong/1572438835905/done HTTP/1.1" 200 101 "http://localhost:8080/todos" "Mozilla/5.0 (Windows NT 10.0; Win64; x64) AppleWebKit/537.36 (KHTML, like Gecko) Chrome/77.0.3865.120 Safari/537.36"
::1 - - [30/Oct/2019:12:34:09 +0000] "GET /todolist/gdhong HTTP/1.1" 200 181 "http://localhost:8080/todos" "Mozilla/5.0 (Windows NT 10.0; Win64; x64) AppleWebKit/537.36 (KHTML, like Gecko) Chrome/77.0.3865.120 Safari/537.36"
::1 - - [30/Oct/2019:12:34:10 +0000] "PUT /todolist/gdhong/1572438830301/done HTTP/1.1" 200 106 "http://localhost:8080/todos" "Mozilla/5.0 (Windows NT 10.0; Win64; x64) AppleWebKit/537.36 (KHTML, like Gecko) Chrome/77.0.3865.120 Safari/537.36"
::1 - - [30/Oct/2019:12:34:11 +0000] "PUT /todolist/gdhong/1572438830301/done HTTP/1.1" 200 107 "http://localhost:8080/todos" "Mozilla/5.0 (Windows NT 10.0; Win64; x64) AppleWebKit/537.36 (KHTML, like Gecko) Chrome/77.0.3865.120 Safari/537.36"
::1 - - [30/Oct/2019:12:34:12 +0000] "PUT /todolist/gdhong/1572438833097/done HTTP/1.1" 200 106 "http://localhost:8080/todos" "Mozilla/5.0 (Windows NT 10.0; Win64; x64) AppleWebKit/537.36 (KHTML, like Gecko) Chrome/77.0.3865.120 Safari/537.36"
::1 - - [30/Oct/2019:12:34:12 +0000] "PUT /todolist/gdhong/1572438833097/done HTTP/1.1" 200 107 "http://localhost:8080/todos" "Mozilla/5.0 (Windows NT 10.0; Win64; x64) AppleWebKit/537.36 (KHTML, like Gecko) Chrome/77.0.3865.120 Safari/537.36"
::1 - - [30/Oct/2019:12:34:13 +0000] "PUT /todolist/gdhong/1572438835900/done HTTP/1.1" 200 106 "http://localhost:8080/todos" "Mozilla/5.0 (Windows NT 10.0; Win64; x64) AppleWebKit/537.36 (KHTML, like Gecko) Chrome/77.0.3865.120 Safari/537.36"
::1 - - [30/Oct/2019:12:34:14 +0000] "PUT /todolist/gdhong/1572438835900/done HTTP/1.1" 200 107 "http://localhost:8080/todos" "Mozilla/5.0 (Windows NT 10.0; Win64; x64) AppleWebKit/537.36 (KHTML, like Gecko) Chrome/77.0.3865.120 Safari/537.36"
::1 - - [30/Oct/2019:12:34:42 +0000] "GET /todolist/gdhong HTTP/1.1" 200 181 "http://localhost:8080/todos" "Mozilla/5.0 (Windows NT 10.0; Win64; x64) AppleWebKit/537.36 (KHTML, like Gecko) Chrome/77.0.3865.120 Safari/537.36"
::1 - - [30/Oct/2019:12:34:45 +0000] "POST /todolist/gdhong/ HTTP/1.1" 200 100 "http://localhost:8080/todos" "Mozilla/5.0 (Windows NT 10.0; Win64; x64) AppleWebKit/537.36 (KHTML, like Gecko) Chrome/77.0.3865.120 Safari/537.36"
::1 - - [30/Oct/2019:12:34:47 +0000] "PUT /todolist/gdhong/1572438885760/done HTTP/1.1" 200 101 "http://localhost:8080/todos" "Mozilla/5.0 (Windows NT 10.0; Win64; x64) AppleWebKit/537.36 (KHTML, like Gecko) Chrome/77.0.3865.120 Safari/537.36"
::1 - - [30/Oct/2019:12:34:55 +0000] "GET /todolist/gdhong HTTP/1.1" 200 241 "http://localhost:8080/todos" "Mozilla/5.0 (Windows NT 10.0; Win64; x64) AppleWebKit/537.36 (KHTML, like Gecko) Chrome/77.0.3865.120 Safari/537.36"
::1 - - [30/Oct/2019:12:34:57 +0000] "PUT /todolist/gdhong/1572438885755/done HTTP/1.1" 200 106 "http://localhost:8080/todos" "Mozilla/5.0 (Windows NT 10.0; Win64; x64) AppleWebKit/537.36 (KHTML, like Gecko) Chrome/77.0.3865.120 Safari/537.36"
::1 - - [30/Oct/2019:12:34:58 +0000] "PUT /todolist/gdhong/1572438885755/done HTTP/1.1" 200 107 "http://localhost:8080/todos" "Mozilla/5.0 (Windows NT 10.0; Win64; x64) AppleWebKit/537.36 (KHTML, like Gecko) Chrome/77.0.3865.120 Safari/537.36"
::1 - - [30/Oct/2019:12:35:10 +0000] "POST /todolist/gdhong/ HTTP/1.1" 200 100 "http://localhost:8080/todos" "Mozilla/5.0 (Windows NT 10.0; Win64; x64) AppleWebKit/537.36 (KHTML, like Gecko) Chrome/77.0.3865.120 Safari/537.36"
::1 - - [30/Oct/2019:12:35:19 +0000] "GET /todos/gdhong HTTP/1.1" 404 47 "-" "Mozilla/5.0 (Windows NT 10.0; Win64; x64) AppleWebKit/537.36 (KHTML, like Gecko) Chrome/77.0.3865.120 Safari/537.36"
::1 - - [30/Oct/2019:12:35:25 +0000] "GET /todolist/gdhong HTTP/1.1" 200 301 "-" "Mozilla/5.0 (Windows NT 10.0; Win64; x64) AppleWebKit/537.36 (KHTML, like Gecko) Chrome/77.0.3865.120 Safari/537.36"
::1 - - [30/Oct/2019:12:35:30 +0000] "PUT /todolist/gdhong/1572438910113/done HTTP/1.1" 200 101 "http://localhost:8080/todos" "Mozilla/5.0 (Windows NT 10.0; Win64; x64) AppleWebKit/537.36 (KHTML, like Gecko) Chrome/77.0.3865.120 Safari/537.36"
::1 - - [30/Oct/2019:12:35:31 +0000] "PUT /todolist/gdhong/1572438910113/done HTTP/1.1" 200 101 "http://localhost:8080/todos" "Mozilla/5.0 (Windows NT 10.0; Win64; x64) AppleWebKit/537.36 (KHTML, like Gecko) Chrome/77.0.3865.120 Safari/537.36"
::1 - - [30/Oct/2019:12:36:06 +0000] "PUT /todolist/gdhong/1572438910113/done HTTP/1.1" 200 101 "http://localhost:8080/todos" "Mozilla/5.0 (Windows NT 10.0; Win64; x64) AppleWebKit/537.36 (KHTML, like Gecko) Chrome/77.0.3865.120 Safari/537.36"
::1 - - [30/Oct/2019:12:36:07 +0000] "PUT /todolist/gdhong/1572438910113/done HTTP/1.1" 200 101 "http://localhost:8080/todos" "Mozilla/5.0 (Windows NT 10.0; Win64; x64) AppleWebKit/537.36 (KHTML, like Gecko) Chrome/77.0.3865.120 Safari/537.36"
::1 - - [30/Oct/2019:12:36:08 +0000] "PUT /todolist/gdhong/1572438910113/done HTTP/1.1" 200 101 "http://localhost:8080/todos" "Mozilla/5.0 (Windows NT 10.0; Win64; x64) AppleWebKit/537.36 (KHTML, like Gecko) Chrome/77.0.3865.120 Safari/537.36"
::1 - - [30/Oct/2019:12:36:08 +0000] "PUT /todolist/gdhong/1572438910113/done HTTP/1.1" 200 101 "http://localhost:8080/todos" "Mozilla/5.0 (Windows NT 10.0; Win64; x64) AppleWebKit/537.36 (KHTML, like Gecko) Chrome/77.0.3865.120 Safari/537.36"
::1 - - [30/Oct/2019:12:36:09 +0000] "PUT /todolist/gdhong/1572438910113/done HTTP/1.1" 200 101 "http://localhost:8080/todos" "Mozilla/5.0 (Windows NT 10.0; Win64; x64) AppleWebKit/537.36 (KHTML, like Gecko) Chrome/77.0.3865.120 Safari/537.36"
::1 - - [30/Oct/2019:12:36:09 +0000] "PUT /todolist/gdhong/1572438910113/done HTTP/1.1" 200 101 "http://localhost:8080/todos" "Mozilla/5.0 (Windows NT 10.0; Win64; x64) AppleWebKit/537.36 (KHTML, like Gecko) Chrome/77.0.3865.120 Safari/537.36"
::1 - - [30/Oct/2019:12:36:10 +0000] "PUT /todolist/gdhong/1572438910113/done HTTP/1.1" 200 101 "http://localhost:8080/todos" "Mozilla/5.0 (Windows NT 10.0; Win64; x64) AppleWebKit/537.36 (KHTML, like Gecko) Chrome/77.0.3865.120 Safari/537.36"
::1 - - [30/Oct/2019:12:36:10 +0000] "PUT /todolist/gdhong/1572438910113/done HTTP/1.1" 200 101 "http://localhost:8080/todos" "Mozilla/5.0 (Windows NT 10.0; Win64; x64) AppleWebKit/537.36 (KHTML, like Gecko) Chrome/77.0.3865.120 Safari/537.36"
::1 - - [30/Oct/2019:12:36:42 +0000] "PUT /todolist/gdhong/1572438910113/done HTTP/1.1" 200 101 "http://localhost:8080/todos" "Mozilla/5.0 (Windows NT 10.0; Win64; x64) AppleWebKit/537.36 (KHTML, like Gecko) Chrome/77.0.3865.120 Safari/537.36"
::1 - - [30/Oct/2019:12:36:43 +0000] "PUT /todolist/gdhong/1572438910113/done HTTP/1.1" 200 101 "http://localhost:8080/todos" "Mozilla/5.0 (Windows NT 10.0; Win64; x64) AppleWebKit/537.36 (KHTML, like Gecko) Chrome/77.0.3865.120 Safari/537.36"
::1 - - [30/Oct/2019:12:36:44 +0000] "PUT /todolist/gdhong/1572438885755/done HTTP/1.1" 200 106 "http://localhost:8080/todos" "Mozilla/5.0 (Windows NT 10.0; Win64; x64) AppleWebKit/537.36 (KHTML, like Gecko) Chrome/77.0.3865.120 Safari/537.36"
::1 - - [30/Oct/2019:12:36:45 +0000] "PUT /todolist/gdhong/1572438885755/done HTTP/1.1" 200 107 "http://localhost:8080/todos" "Mozilla/5.0 (Windows NT 10.0; Win64; x64) AppleWebKit/537.36 (KHTML, like Gecko) Chrome/77.0.3865.120 Safari/537.36"
::1 - - [30/Oct/2019:12:36:47 +0000] "PUT /todolist/gdhong/1572438835900/done HTTP/1.1" 200 106 "http://localhost:8080/todos" "Mozilla/5.0 (Windows NT 10.0; Win64; x64) AppleWebKit/537.36 (KHTML, like Gecko) Chrome/77.0.3865.120 Safari/537.36"
::1 - - [30/Oct/2019:12:36:47 +0000] "PUT /todolist/gdhong/1572438835900/done HTTP/1.1" 200 107 "http://localhost:8080/todos" "Mozilla/5.0 (Windows NT 10.0; Win64; x64) AppleWebKit/537.36 (KHTML, like Gecko) Chrome/77.0.3865.120 Safari/537.36"
::1 - - [30/Oct/2019:12:36:48 +0000] "PUT /todolist/gdhong/1572438910113/done HTTP/1.1" 200 101 "http://localhost:8080/todos" "Mozilla/5.0 (Windows NT 10.0; Win64; x64) AppleWebKit/537.36 (KHTML, like Gecko) Chrome/77.0.3865.120 Safari/537.36"
::1 - - [30/Oct/2019:12:36:49 +0000] "PUT /todolist/gdhong/1572438910113/done HTTP/1.1" 200 101 "http://localhost:8080/todos" "Mozilla/5.0 (Windows NT 10.0; Win64; x64) AppleWebKit/537.36 (KHTML, like Gecko) Chrome/77.0.3865.120 Safari/537.36"
::1 - - [30/Oct/2019:12:36:51 +0000] "GET /todolist/gdhong HTTP/1.1" 200 301 "-" "Mozilla/5.0 (Windows NT 10.0; Win64; x64) AppleWebKit/537.36 (KHTML, like Gecko) Chrome/77.0.3865.120 Safari/537.36"
::1 - - [30/Oct/2019:12:36:55 +0000] "PUT /todolist/gdhong/1572438910113/done HTTP/1.1" 200 101 "http://localhost:8080/todos" "Mozilla/5.0 (Windows NT 10.0; Win64; x64) AppleWebKit/537.36 (KHTML, like Gecko) Chrome/77.0.3865.120 Safari/537.36"
::1 - - [30/Oct/2019:12:36:56 +0000] "PUT /todolist/gdhong/1572438910113/done HTTP/1.1" 200 101 "http://localhost:8080/todos" "Mozilla/5.0 (Windows NT 10.0; Win64; x64) AppleWebKit/537.36 (KHTML, like Gecko) Chrome/77.0.3865.120 Safari/537.36"
::1 - - [30/Oct/2019:12:37:06 +0000] "PUT /todolist/gdhong/1572438885755/done HTTP/1.1" 200 106 "http://localhost:8080/todos" "Mozilla/5.0 (Windows NT 10.0; Win64; x64) AppleWebKit/537.36 (KHTML, like Gecko) Chrome/77.0.3865.120 Safari/537.36"
::1 - - [30/Oct/2019:12:37:08 +0000] "GET /todolist/gdhong HTTP/1.1" 200 300 "-" "Mozilla/5.0 (Windows NT 10.0; Win64; x64) AppleWebKit/537.36 (KHTML, like Gecko) Chrome/77.0.3865.120 Safari/537.36"
::1 - - [30/Oct/2019:12:37:37 +0000] "PUT /todolist/gdhong/1572438910113/done HTTP/1.1" 200 101 "http://localhost:8080/todos" "Mozilla/5.0 (Windows NT 10.0; Win64; x64) AppleWebKit/537.36 (KHTML, like Gecko) Chrome/77.0.3865.120 Safari/537.36"
::1 - - [30/Oct/2019:12:37:42 +0000] "PUT /todolist/gdhong/1572438835900/done HTTP/1.1" 200 106 "http://localhost:8080/todos" "Mozilla/5.0 (Windows NT 10.0; Win64; x64) AppleWebKit/537.36 (KHTML, like Gecko) Chrome/77.0.3865.120 Safari/537.36"
::1 - - [30/Oct/2019:12:38:02 +0000] "PUT /todolist/gdhong/1572438910113/done HTTP/1.1" 200 101 "http://localhost:8080/todos" "Mozilla/5.0 (Windows NT 10.0; Win64; x64) AppleWebKit/537.36 (KHTML, like Gecko) Chrome/77.0.3865.120 Safari/537.36"
::1 - - [30/Oct/2019:12:38:10 +0000] "PUT /todolist/gdhong/1572438885755/done HTTP/1.1" 200 107 "http://localhost:8080/todos" "Mozilla/5.0 (Windows NT 10.0; Win64; x64) AppleWebKit/537.36 (KHTML, like Gecko) Chrome/77.0.3865.120 Safari/537.36"
::1 - - [30/Oct/2019:12:38:15 +0000] "PUT /todolist/gdhong/1572438910113/done HTTP/1.1" 200 101 "http://localhost:8080/todos" "Mozilla/5.0 (Windows NT 10.0; Win64; x64) AppleWebKit/537.36 (KHTML, like Gecko) Chrome/77.0.3865.120 Safari/537.36"
::1 - - [30/Oct/2019:12:38:57 +0000] "PUT /todolist/gdhong/1572439111676/done HTTP/1.1" 200 101 "http://localhost:8080/todos" "Mozilla/5.0 (Windows NT 10.0; Win64; x64) AppleWebKit/537.36 (KHTML, like Gecko) Chrome/77.0.3865.120 Safari/537.36"
::1 - - [30/Oct/2019:12:38:58 +0000] "PUT /todolist/gdhong/1572439111676/done HTTP/1.1" 200 101 "http://localhost:8080/todos" "Mozilla/5.0 (Windows NT 10.0; Win64; x64) AppleWebKit/537.36 (KHTML, like Gecko) Chrome/77.0.3865.120 Safari/537.36"
::1 - - [30/Oct/2019:12:39:04 +0000] "PUT /todolist/gdhong/1572438885755/done HTTP/1.1" 200 106 "http://localhost:8080/todos" "Mozilla/5.0 (Windows NT 10.0; Win64; x64) AppleWebKit/537.36 (KHTML, like Gecko) Chrome/77.0.3865.120 Safari/537.36"
::1 - - [30/Oct/2019:12:39:05 +0000] "PUT /todolist/gdhong/1572438885755/done HTTP/1.1" 200 107 "http://localhost:8080/todos" "Mozilla/5.0 (Windows NT 10.0; Win64; x64) AppleWebKit/537.36 (KHTML, like Gecko) Chrome/77.0.3865.120 Safari/537.36"
::1 - - [30/Oct/2019:12:39:06 +0000] "DELETE /todolist/gdhong/1572438910113 HTTP/1.1" 200 94 "http://localhost:8080/todos" "Mozilla/5.0 (Windows NT 10.0; Win64; x64) AppleWebKit/537.36 (KHTML, like Gecko) Chrome/77.0.3865.120 Safari/537.36"
::1 - - [30/Oct/2019:12:39:08 +0000] "PUT /todolist/gdhong/1572438910113/done HTTP/1.1" 200 101 "http://localhost:8080/todos" "Mozilla/5.0 (Windows NT 10.0; Win64; x64) AppleWebKit/537.36 (KHTML, like Gecko) Chrome/77.0.3865.120 Safari/537.36"
::1 - - [30/Oct/2019:12:39:23 +0000] "GET /todolist/gdhong HTTP/1.1" 200 300 "http://localhost:8080/todos" "Mozilla/5.0 (Windows NT 10.0; Win64; x64) AppleWebKit/537.36 (KHTML, like Gecko) Chrome/77.0.3865.120 Safari/537.36"
::1 - - [30/Oct/2019:12:39:39 +0000] "POST /todolist/gdhong/ HTTP/1.1" 200 100 "http://localhost:8080/todos" "Mozilla/5.0 (Windows NT 10.0; Win64; x64) AppleWebKit/537.36 (KHTML, like Gecko) Chrome/77.0.3865.120 Safari/537.36"
::1 - - [30/Oct/2019:12:39:44 +0000] "GET /todolist/gdhong HTTP/1.1" 200 360 "-" "Mozilla/5.0 (Windows NT 10.0; Win64; x64) AppleWebKit/537.36 (KHTML, like Gecko) Chrome/77.0.3865.120 Safari/537.36"
::1 - - [30/Oct/2019:12:39:57 +0000] "POST /todolist/gdhong/ HTTP/1.1" 200 100 "http://localhost:8080/todos" "Mozilla/5.0 (Windows NT 10.0; Win64; x64) AppleWebKit/537.36 (KHTML, like Gecko) Chrome/77.0.3865.120 Safari/537.36"
::1 - - [30/Oct/2019:12:40:06 +0000] "GET /todolist/gdhong HTTP/1.1" 200 420 "http://localhost:8080/todos" "Mozilla/5.0 (Windows NT 10.0; Win64; x64) AppleWebKit/537.36 (KHTML, like Gecko) Chrome/77.0.3865.120 Safari/537.36"
::1 - - [30/Oct/2019:12:40:11 +0000] "POST /todolist/gdhong/ HTTP/1.1" 200 100 "http://localhost:8080/todos" "Mozilla/5.0 (Windows NT 10.0; Win64; x64) AppleWebKit/537.36 (KHTML, like Gecko) Chrome/77.0.3865.120 Safari/537.36"
::1 - - [30/Oct/2019:12:40:16 +0000] "POST /todolist/gdhong/ HTTP/1.1" 200 100 "http://localhost:8080/todos" "Mozilla/5.0 (Windows NT 10.0; Win64; x64) AppleWebKit/537.36 (KHTML, like Gecko) Chrome/77.0.3865.120 Safari/537.36"
::1 - - [30/Oct/2019:12:40:18 +0000] "PUT /todolist/gdhong/1572439216007/done HTTP/1.1" 200 101 "http://localhost:8080/todos" "Mozilla/5.0 (Windows NT 10.0; Win64; x64) AppleWebKit/537.36 (KHTML, like Gecko) Chrome/77.0.3865.120 Safari/537.36"
::1 - - [30/Oct/2019:12:41:55 +0000] "GET /todolist/gdhong HTTP/1.1" 200 540 "http://localhost:8080/todos" "Mozilla/5.0 (Windows NT 10.0; Win64; x64) AppleWebKit/537.36 (KHTML, like Gecko) Chrome/77.0.3865.120 Safari/537.36"
::1 - - [30/Oct/2019:12:42:04 +0000] "DELETE /todolist/gdhong/1572439216000 HTTP/1.1" 200 87 "http://localhost:8080/todos" "Mozilla/5.0 (Windows NT 10.0; Win64; x64) AppleWebKit/537.36 (KHTML, like Gecko) Chrome/77.0.3865.120 Safari/537.36"
::1 - - [30/Oct/2019:12:42:05 +0000] "DELETE /todolist/gdhong/1572439211757 HTTP/1.1" 200 87 "http://localhost:8080/todos" "Mozilla/5.0 (Windows NT 10.0; Win64; x64) AppleWebKit/537.36 (KHTML, like Gecko) Chrome/77.0.3865.120 Safari/537.36"
::1 - - [30/Oct/2019:12:42:05 +0000] "DELETE /todolist/gdhong/1572439197688 HTTP/1.1" 200 87 "http://localhost:8080/todos" "Mozilla/5.0 (Windows NT 10.0; Win64; x64) AppleWebKit/537.36 (KHTML, like Gecko) Chrome/77.0.3865.120 Safari/537.36"
::1 - - [30/Oct/2019:12:42:06 +0000] "DELETE /todolist/gdhong/1572439179470 HTTP/1.1" 200 87 "http://localhost:8080/todos" "Mozilla/5.0 (Windows NT 10.0; Win64; x64) AppleWebKit/537.36 (KHTML, like Gecko) Chrome/77.0.3865.120 Safari/537.36"
::1 - - [30/Oct/2019:12:42:06 +0000] "DELETE /todolist/gdhong/1572438910109 HTTP/1.1" 200 87 "http://localhost:8080/todos" "Mozilla/5.0 (Windows NT 10.0; Win64; x64) AppleWebKit/537.36 (KHTML, like Gecko) Chrome/77.0.3865.120 Safari/537.36"
::1 - - [30/Oct/2019:12:42:07 +0000] "DELETE /todolist/gdhong/1572438885755 HTTP/1.1" 200 87 "http://localhost:8080/todos" "Mozilla/5.0 (Windows NT 10.0; Win64; x64) AppleWebKit/537.36 (KHTML, like Gecko) Chrome/77.0.3865.120 Safari/537.36"
::1 - - [30/Oct/2019:12:42:13 +0000] "GET /todolist/gdhong HTTP/1.1" 200 180 "http://localhost:8080/todos" "Mozilla/5.0 (Windows NT 10.0; Win64; x64) AppleWebKit/537.36 (KHTML, like Gecko) Chrome/77.0.3865.120 Safari/537.36"
::1 - - [30/Oct/2019:12:42:42 +0000] "POST /todolist/gdhong/ HTTP/1.1" 200 100 "http://localhost:8080/todos" "Mozilla/5.0 (Windows NT 10.0; Win64; x64) AppleWebKit/537.36 (KHTML, like Gecko) Chrome/77.0.3865.120 Safari/537.36"
::1 - - [30/Oct/2019:12:43:43 +0000] "GET /todolist/gdhong HTTP/1.1" 200 240 "http://localhost:8080/todos" "Mozilla/5.0 (Windows NT 10.0; Win64; x64) AppleWebKit/537.36 (KHTML, like Gecko) Chrome/77.0.3865.120 Safari/537.36"
::1 - - [30/Oct/2019:12:43:47 +0000] "POST /todolist/gdhong/ HTTP/1.1" 200 100 "http://localhost:8080/todos" "Mozilla/5.0 (Windows NT 10.0; Win64; x64) AppleWebKit/537.36 (KHTML, like Gecko) Chrome/77.0.3865.120 Safari/537.36"
::1 - - [30/Oct/2019:12:43:52 +0000] "PUT /todolist/gdhong/1572439427220/done HTTP/1.1" 200 101 "http://localhost:8080/todos" "Mozilla/5.0 (Windows NT 10.0; Win64; x64) AppleWebKit/537.36 (KHTML, like Gecko) Chrome/77.0.3865.120 Safari/537.36"
::1 - - [30/Oct/2019:12:43:53 +0000] "PUT /todolist/gdhong/1572439427220/done HTTP/1.1" 200 101 "http://localhost:8080/todos" "Mozilla/5.0 (Windows NT 10.0; Win64; x64) AppleWebKit/537.36 (KHTML, like Gecko) Chrome/77.0.3865.120 Safari/537.36"
::1 - - [30/Oct/2019:12:43:54 +0000] "PUT /todolist/gdhong/1572439427220/done HTTP/1.1" 200 101 "http://localhost:8080/todos" "Mozilla/5.0 (Windows NT 10.0; Win64; x64) AppleWebKit/537.36 (KHTML, like Gecko) Chrome/77.0.3865.120 Safari/537.36"
::1 - - [30/Oct/2019:12:44:37 +0000] "PUT /todolist/gdhong/1572439362872/done HTTP/1.1" 200 106 "http://localhost:8080/todos" "Mozilla/5.0 (Windows NT 10.0; Win64; x64) AppleWebKit/537.36 (KHTML, like Gecko) Chrome/77.0.3865.120 Safari/537.36"
::1 - - [30/Oct/2019:12:44:38 +0000] "PUT /todolist/gdhong/1572439362872/done HTTP/1.1" 200 107 "http://localhost:8080/todos" "Mozilla/5.0 (Windows NT 10.0; Win64; x64) AppleWebKit/537.36 (KHTML, like Gecko) Chrome/77.0.3865.120 Safari/537.36"
::1 - - [30/Oct/2019:12:44:44 +0000] "PUT /todolist/gdhong/1572439427220/done HTTP/1.1" 200 101 "http://localhost:8080/todos" "Mozilla/5.0 (Windows NT 10.0; Win64; x64) AppleWebKit/537.36 (KHTML, like Gecko) Chrome/77.0.3865.120 Safari/537.36"
::1 - - [30/Oct/2019:12:44:45 +0000] "PUT /todolist/gdhong/1572439481449/done HTTP/1.1" 200 101 "http://localhost:8080/todos" "Mozilla/5.0 (Windows NT 10.0; Win64; x64) AppleWebKit/537.36 (KHTML, like Gecko) Chrome/77.0.3865.120 Safari/537.36"
::1 - - [30/Oct/2019:12:44:46 +0000] "PUT /todolist/gdhong/1572439481449/done HTTP/1.1" 200 101 "http://localhost:8080/todos" "Mozilla/5.0 (Windows NT 10.0; Win64; x64) AppleWebKit/537.36 (KHTML, like Gecko) Chrome/77.0.3865.120 Safari/537.36"
::1 - - [30/Oct/2019:12:44:46 +0000] "PUT /todolist/gdhong/1572439362872/done HTTP/1.1" 200 106 "http://localhost:8080/todos" "Mozilla/5.0 (Windows NT 10.0; Win64; x64) AppleWebKit/537.36 (KHTML, like Gecko) Chrome/77.0.3865.120 Safari/537.36"
::1 - - [30/Oct/2019:12:44:47 +0000] "PUT /todolist/gdhong/1572439362872/done HTTP/1.1" 200 107 "http://localhost:8080/todos" "Mozilla/5.0 (Windows NT 10.0; Win64; x64) AppleWebKit/537.36 (KHTML, like Gecko) Chrome/77.0.3865.120 Safari/537.36"
::1 - - [30/Oct/2019:12:44:48 +0000] "PUT /todolist/gdhong/1572439427220/done HTTP/1.1" 200 101 "http://localhost:8080/todos" "Mozilla/5.0 (Windows NT 10.0; Win64; x64) AppleWebKit/537.36 (KHTML, like Gecko) Chrome/77.0.3865.120 Safari/537.36"
::1 - - [30/Oct/2019:12:44:53 +0000] "GET /todolist/gdhong HTTP/1.1" 200 300 "http://localhost:8080/todos" "Mozilla/5.0 (Windows NT 10.0; Win64; x64) AppleWebKit/537.36 (KHTML, like Gecko) Chrome/77.0.3865.120 Safari/537.36"
::1 - - [30/Oct/2019:12:45:07 +0000] "GET /todolist/gdhong HTTP/1.1" 200 300 "http://localhost:8080/todos" "Mozilla/5.0 (Windows NT 10.0; Win64; x64) AppleWebKit/537.36 (KHTML, like Gecko) Chrome/77.0.3865.120 Safari/537.36"
::1 - - [30/Oct/2019:12:45:12 +0000] "PUT /todolist/gdhong/1572439427214 HTTP/1.1" 200 119 "http://localhost:8080/todos" "Mozilla/5.0 (Windows NT 10.0; Win64; x64) AppleWebKit/537.36 (KHTML, like Gecko) Chrome/77.0.3865.120 Safari/537.36"
::1 - - [30/Oct/2019:12:45:13 +0000] "PUT /todolist/gdhong/1572439427214/done HTTP/1.1" 200 107 "http://localhost:8080/todos" "Mozilla/5.0 (Windows NT 10.0; Win64; x64) AppleWebKit/537.36 (KHTML, like Gecko) Chrome/77.0.3865.120 Safari/537.36"
::1 - - [30/Oct/2019:12:45:14 +0000] "PUT /todolist/gdhong/1572439427214/done HTTP/1.1" 200 106 "http://localhost:8080/todos" "Mozilla/5.0 (Windows NT 10.0; Win64; x64) AppleWebKit/537.36 (KHTML, like Gecko) Chrome/77.0.3865.120 Safari/537.36"
::1 - - [30/Oct/2019:12:45:15 +0000] "PUT /todolist/gdhong/1572439427214/done HTTP/1.1" 200 107 "http://localhost:8080/todos" "Mozilla/5.0 (Windows NT 10.0; Win64; x64) AppleWebKit/537.36 (KHTML, like Gecko) Chrome/77.0.3865.120 Safari/537.36"
::1 - - [30/Oct/2019:12:45:15 +0000] "PUT /todolist/gdhong/1572439427214/done HTTP/1.1" 200 106 "http://localhost:8080/todos" "Mozilla/5.0 (Windows NT 10.0; Win64; x64) AppleWebKit/537.36 (KHTML, like Gecko) Chrome/77.0.3865.120 Safari/537.36"
::1 - - [30/Oct/2019:12:45:19 +0000] "POST /todolist/gdhong/ HTTP/1.1" 200 100 "http://localhost:8080/todos" "Mozilla/5.0 (Windows NT 10.0; Win64; x64) AppleWebKit/537.36 (KHTML, like Gecko) Chrome/77.0.3865.120 Safari/537.36"
::1 - - [30/Oct/2019:12:45:23 +0000] "PUT /todolist/gdhong/1572439519669 HTTP/1.1" 200 101 "http://localhost:8080/todos" "Mozilla/5.0 (Windows NT 10.0; Win64; x64) AppleWebKit/537.36 (KHTML, like Gecko) Chrome/77.0.3865.120 Safari/537.36"
::1 - - [30/Oct/2019:12:45:29 +0000] "PUT /todolist/gdhong/1572439519669 HTTP/1.1" 200 101 "http://localhost:8080/todos" "Mozilla/5.0 (Windows NT 10.0; Win64; x64) AppleWebKit/537.36 (KHTML, like Gecko) Chrome/77.0.3865.120 Safari/537.36"
::1 - - [30/Oct/2019:12:45:30 +0000] "PUT /todolist/gdhong/1572439519669/done HTTP/1.1" 200 101 "http://localhost:8080/todos" "Mozilla/5.0 (Windows NT 10.0; Win64; x64) AppleWebKit/537.36 (KHTML, like Gecko) Chrome/77.0.3865.120 Safari/537.36"
::1 - - [30/Oct/2019:12:46:46 +0000] "GET /todolist/gdhong HTTP/1.1" 200 359 "http://localhost:8080/todos" "Mozilla/5.0 (Windows NT 10.0; Win64; x64) AppleWebKit/537.36 (KHTML, like Gecko) Chrome/77.0.3865.120 Safari/537.36"
::1 - - [30/Oct/2019:12:46:48 +0000] "GET /todolist/gdhong HTTP/1.1" 200 359 "http://localhost:8080/todos" "Mozilla/5.0 (Windows NT 10.0; Win64; x64) AppleWebKit/537.36 (KHTML, like Gecko) Chrome/77.0.3865.120 Safari/537.36"
::1 - - [30/Oct/2019:12:46:49 +0000] "DELETE /todolist/gdhong/1572439519666 HTTP/1.1" 200 87 "http://localhost:8080/todos" "Mozilla/5.0 (Windows NT 10.0; Win64; x64) AppleWebKit/537.36 (KHTML, like Gecko) Chrome/77.0.3865.120 Safari/537.36"
::1 - - [30/Oct/2019:12:46:50 +0000] "DELETE /todolist/gdhong/1572439427214 HTTP/1.1" 200 87 "http://localhost:8080/todos" "Mozilla/5.0 (Windows NT 10.0; Win64; x64) AppleWebKit/537.36 (KHTML, like Gecko) Chrome/77.0.3865.120 Safari/537.36"
::1 - - [30/Oct/2019:12:46:50 +0000] "DELETE /todolist/gdhong/1572439362872 HTTP/1.1" 200 87 "http://localhost:8080/todos" "Mozilla/5.0 (Windows NT 10.0; Win64; x64) AppleWebKit/537.36 (KHTML, like Gecko) Chrome/77.0.3865.120 Safari/537.36"
::1 - - [30/Oct/2019:12:46:51 +0000] "DELETE /todolist/gdhong/1572438835900 HTTP/1.1" 200 87 "http://localhost:8080/todos" "Mozilla/5.0 (Windows NT 10.0; Win64; x64) AppleWebKit/537.36 (KHTML, like Gecko) Chrome/77.0.3865.120 Safari/537.36"
::1 - - [30/Oct/2019:12:46:51 +0000] "DELETE /todolist/gdhong/1572438833097 HTTP/1.1" 200 87 "http://localhost:8080/todos" "Mozilla/5.0 (Windows NT 10.0; Win64; x64) AppleWebKit/537.36 (KHTML, like Gecko) Chrome/77.0.3865.120 Safari/537.36"
::1 - - [30/Oct/2019:12:46:54 +0000] "GET /todolist/gdhong HTTP/1.1" 200 61 "http://localhost:8080/todos" "Mozilla/5.0 (Windows NT 10.0; Win64; x64) AppleWebKit/537.36 (KHTML, like Gecko) Chrome/77.0.3865.120 Safari/537.36"
::1 - - [30/Oct/2019:12:46:57 +0000] "POST /todolist/gdhong/ HTTP/1.1" 200 100 "http://localhost:8080/todos" "Mozilla/5.0 (Windows NT 10.0; Win64; x64) AppleWebKit/537.36 (KHTML, like Gecko) Chrome/77.0.3865.120 Safari/537.36"
::1 - - [30/Oct/2019:12:46:58 +0000] "PUT /todolist/gdhong/1572439617927/done HTTP/1.1" 200 101 "http://localhost:8080/todos" "Mozilla/5.0 (Windows NT 10.0; Win64; x64) AppleWebKit/537.36 (KHTML, like Gecko) Chrome/77.0.3865.120 Safari/537.36"
::1 - - [30/Oct/2019:12:47:49 +0000] "GET /todolist/gdhong HTTP/1.1" 200 121 "http://localhost:8080/todos" "Mozilla/5.0 (Windows NT 10.0; Win64; x64) AppleWebKit/537.36 (KHTML, like Gecko) Chrome/77.0.3865.120 Safari/537.36"
::1 - - [30/Oct/2019:12:48:34 +0000] "GET /todolist/gdhong HTTP/1.1" 200 121 "http://localhost:8080/todos" "Mozilla/5.0 (Windows NT 10.0; Win64; x64) AppleWebKit/537.36 (KHTML, like Gecko) Chrome/77.0.3865.120 Safari/537.36"
::1 - - [30/Oct/2019:12:48:50 +0000] "POST /todolist/gdhong/ HTTP/1.1" 200 100 "http://localhost:8080/todos" "Mozilla/5.0 (Windows NT 10.0; Win64; x64) AppleWebKit/537.36 (KHTML, like Gecko) Chrome/77.0.3865.120 Safari/537.36"
::1 - - [30/Oct/2019:12:48:55 +0000] "GET /todolist/gdhong HTTP/1.1" 200 181 "http://localhost:8080/todos" "Mozilla/5.0 (Windows NT 10.0; Win64; x64) AppleWebKit/537.36 (KHTML, like Gecko) Chrome/77.0.3865.120 Safari/537.36"
::1 - - [30/Oct/2019:12:49:00 +0000] "POST /todolist/gdhong/ HTTP/1.1" 200 100 "http://localhost:8080/todos" "Mozilla/5.0 (Windows NT 10.0; Win64; x64) AppleWebKit/537.36 (KHTML, like Gecko) Chrome/77.0.3865.120 Safari/537.36"
::1 - - [30/Oct/2019:12:49:07 +0000] "GET /todolist/gdhong HTTP/1.1" 200 241 "http://localhost:8080/todos" "Mozilla/5.0 (Windows NT 10.0; Win64; x64) AppleWebKit/537.36 (KHTML, like Gecko) Chrome/77.0.3865.120 Safari/537.36"
::1 - - [30/Oct/2019:12:51:28 +0000] "GET /todolist/gdhong HTTP/1.1" 200 241 "http://localhost:8080/todos" "Mozilla/5.0 (Windows NT 10.0; Win64; x64) AppleWebKit/537.36 (KHTML, like Gecko) Chrome/77.0.3865.120 Safari/537.36"
::1 - - [30/Oct/2019:12:51:30 +0000] "GET /todolist/gdhong HTTP/1.1" 200 241 "http://localhost:8080/todos" "Mozilla/5.0 (Windows NT 10.0; Win64; x64) AppleWebKit/537.36 (KHTML, like Gecko) Chrome/77.0.3865.120 Safari/537.36"
::1 - - [30/Oct/2019:12:51:36 +0000] "DELETE /todolist/gdhong/1572439740690 HTTP/1.1" 200 87 "http://localhost:8080/todos" "Mozilla/5.0 (Windows NT 10.0; Win64; x64) AppleWebKit/537.36 (KHTML, like Gecko) Chrome/77.0.3865.120 Safari/537.36"
::1 - - [30/Oct/2019:12:51:37 +0000] "DELETE /todolist/gdhong/1572439730454 HTTP/1.1" 200 87 "http://localhost:8080/todos" "Mozilla/5.0 (Windows NT 10.0; Win64; x64) AppleWebKit/537.36 (KHTML, like Gecko) Chrome/77.0.3865.120 Safari/537.36"
::1 - - [30/Oct/2019:12:51:39 +0000] "GET /todolist/gdhong HTTP/1.1" 200 121 "http://localhost:8080/todos" "Mozilla/5.0 (Windows NT 10.0; Win64; x64) AppleWebKit/537.36 (KHTML, like Gecko) Chrome/77.0.3865.120 Safari/537.36"
::1 - - [30/Oct/2019:12:51:42 +0000] "POST /todolist/gdhong/ HTTP/1.1" 200 99 "http://localhost:8080/todos" "Mozilla/5.0 (Windows NT 10.0; Win64; x64) AppleWebKit/537.36 (KHTML, like Gecko) Chrome/77.0.3865.120 Safari/537.36"
::1 - - [30/Oct/2019:12:51:47 +0000] "PUT /todolist/gdhong/1572439902894/done HTTP/1.1" 200 101 "http://localhost:8080/todos" "Mozilla/5.0 (Windows NT 10.0; Win64; x64) AppleWebKit/537.36 (KHTML, like Gecko) Chrome/77.0.3865.120 Safari/537.36"
::1 - - [30/Oct/2019:12:51:47 +0000] "PUT /todolist/gdhong/1572439902894/done HTTP/1.1" 200 101 "http://localhost:8080/todos" "Mozilla/5.0 (Windows NT 10.0; Win64; x64) AppleWebKit/537.36 (KHTML, like Gecko) Chrome/77.0.3865.120 Safari/537.36"
::1 - - [30/Oct/2019:12:51:47 +0000] "PUT /todolist/gdhong/1572439902894/done HTTP/1.1" 200 101 "http://localhost:8080/todos" "Mozilla/5.0 (Windows NT 10.0; Win64; x64) AppleWebKit/537.36 (KHTML, like Gecko) Chrome/77.0.3865.120 Safari/537.36"
::1 - - [30/Oct/2019:12:51:48 +0000] "PUT /todolist/gdhong/1572439902894/done HTTP/1.1" 200 101 "http://localhost:8080/todos" "Mozilla/5.0 (Windows NT 10.0; Win64; x64) AppleWebKit/537.36 (KHTML, like Gecko) Chrome/77.0.3865.120 Safari/537.36"
::1 - - [30/Oct/2019:12:51:52 +0000] "PUT /todolist/gdhong/1572439902894 HTTP/1.1" 200 101 "http://localhost:8080/todos" "Mozilla/5.0 (Windows NT 10.0; Win64; x64) AppleWebKit/537.36 (KHTML, like Gecko) Chrome/77.0.3865.120 Safari/537.36"
::1 - - [30/Oct/2019:12:51:56 +0000] "GET /todolist/gdhong HTTP/1.1" 200 180 "http://localhost:8080/todos" "Mozilla/5.0 (Windows NT 10.0; Win64; x64) AppleWebKit/537.36 (KHTML, like Gecko) Chrome/77.0.3865.120 Safari/537.36"
::1 - - [30/Oct/2019:13:07:52 +0000] "GET /todolist/gdhong HTTP/1.1" 200 180 "http://localhost:8080/todos" "Mozilla/5.0 (Windows NT 10.0; Win64; x64) AppleWebKit/537.36 (KHTML, like Gecko) Chrome/77.0.3865.120 Safari/537.36"
::1 - - [30/Oct/2019:13:07:52 +0000] "GET /todolist/gdhong HTTP/1.1" 200 180 "http://localhost:8080/todos" "Mozilla/5.0 (Windows NT 10.0; Win64; x64) AppleWebKit/537.36 (KHTML, like Gecko) Chrome/77.0.3865.120 Safari/537.36"
::1 - - [30/Oct/2019:13:07:52 +0000] "GET /todolist/gdhong HTTP/1.1" 200 180 "http://localhost:8080/todos" "Mozilla/5.0 (Windows NT 10.0; Win64; x64) AppleWebKit/537.36 (KHTML, like Gecko) Chrome/77.0.3865.120 Safari/537.36"
::1 - - [30/Oct/2019:13:07:52 +0000] "GET /todolist/gdhong HTTP/1.1" 200 180 "http://localhost:8080/todos" "Mozilla/5.0 (Windows NT 10.0; Win64; x64) AppleWebKit/537.36 (KHTML, like Gecko) Chrome/77.0.3865.120 Safari/537.36"
::1 - - [30/Oct/2019:13:07:52 +0000] "GET /todolist/gdhong HTTP/1.1" 200 180 "http://localhost:8080/todos" "Mozilla/5.0 (Windows NT 10.0; Win64; x64) AppleWebKit/537.36 (KHTML, like Gecko) Chrome/77.0.3865.120 Safari/537.36"
::1 - - [30/Oct/2019:13:07:52 +0000] "GET /todolist/gdhong HTTP/1.1" 200 180 "http://localhost:8080/todos" "Mozilla/5.0 (Windows NT 10.0; Win64; x64) AppleWebKit/537.36 (KHTML, like Gecko) Chrome/77.0.3865.120 Safari/537.36"
::1 - - [30/Oct/2019:13:07:52 +0000] "GET /todolist/gdhong HTTP/1.1" 200 180 "http://localhost:8080/todos" "Mozilla/5.0 (Windows NT 10.0; Win64; x64) AppleWebKit/537.36 (KHTML, like Gecko) Chrome/77.0.3865.120 Safari/537.36"
::1 - - [30/Oct/2019:13:07:52 +0000] "GET /todolist/gdhong HTTP/1.1" 200 180 "http://localhost:8080/todos" "Mozilla/5.0 (Windows NT 10.0; Win64; x64) AppleWebKit/537.36 (KHTML, like Gecko) Chrome/77.0.3865.120 Safari/537.36"
::1 - - [30/Oct/2019:13:07:52 +0000] "GET /todolist/gdhong HTTP/1.1" 200 180 "http://localhost:8080/todos" "Mozilla/5.0 (Windows NT 10.0; Win64; x64) AppleWebKit/537.36 (KHTML, like Gecko) Chrome/77.0.3865.120 Safari/537.36"
::1 - - [30/Oct/2019:13:07:52 +0000] "GET /todolist/gdhong HTTP/1.1" 200 180 "http://localhost:8080/todos" "Mozilla/5.0 (Windows NT 10.0; Win64; x64) AppleWebKit/537.36 (KHTML, like Gecko) Chrome/77.0.3865.120 Safari/537.36"
::1 - - [30/Oct/2019:13:08:30 +0000] "GET /todolist/gdhong HTTP/1.1" 200 374 "http://localhost:8080/todos" "Mozilla/5.0 (Windows NT 10.0; Win64; x64) AppleWebKit/537.36 (KHTML, like Gecko) Chrome/77.0.3865.120 Safari/537.36"
::1 - - [30/Oct/2019:13:08:49 +0000] "GET /todolist/gdhong HTTP/1.1" 200 374 "http://localhost:8080/todos" "Mozilla/5.0 (Windows NT 10.0; Win64; x64) AppleWebKit/537.36 (KHTML, like Gecko) Chrome/77.0.3865.120 Safari/537.36"
::1 - - [30/Oct/2019:13:08:58 +0000] "GET /todolist/gdhong HTTP/1.1" 200 374 "http://localhost:8080/todos" "Mozilla/5.0 (Windows NT 10.0; Win64; x64) AppleWebKit/537.36 (KHTML, like Gecko) Chrome/77.0.3865.120 Safari/537.36"
::1 - - [30/Oct/2019:13:09:08 +0000] "GET /todolist/gdhong HTTP/1.1" 200 374 "http://localhost:8080/todos" "Mozilla/5.0 (Windows NT 10.0; Win64; x64) AppleWebKit/537.36 (KHTML, like Gecko) Chrome/77.0.3865.120 Safari/537.36"
::1 - - [30/Oct/2019:13:11:03 +0000] "GET / HTTP/1.1" 200 17232 "-" "Mozilla/5.0 (Windows NT 10.0; Win64; x64) AppleWebKit/537.36 (KHTML, like Gecko) Chrome/77.0.3865.120 Safari/537.36"
::1 - - [30/Oct/2019:13:11:03 +0000] "GET /css/bootstrap.min.css HTTP/1.1" 200 121205 "http://localhost:8000/" "Mozilla/5.0 (Windows NT 10.0; Win64; x64) AppleWebKit/537.36 (KHTML, like Gecko) Chrome/77.0.3865.120 Safari/537.36"
::1 - - [30/Oct/2019:13:11:03 +0000] "GET /css/stylish-portfolio.css HTTP/1.1" 200 4138 "http://localhost:8000/" "Mozilla/5.0 (Windows NT 10.0; Win64; x64) AppleWebKit/537.36 (KHTML, like Gecko) Chrome/77.0.3865.120 Safari/537.36"
::1 - - [30/Oct/2019:13:11:03 +0000] "GET /js/bootstrap.min.js HTTP/1.1" 200 37051 "http://localhost:8000/" "Mozilla/5.0 (Windows NT 10.0; Win64; x64) AppleWebKit/537.36 (KHTML, like Gecko) Chrome/77.0.3865.120 Safari/537.36"
::1 - - [30/Oct/2019:13:11:03 +0000] "GET /font-awesome/css/font-awesome.min.css HTTP/1.1" 200 23742 "http://localhost:8000/" "Mozilla/5.0 (Windows NT 10.0; Win64; x64) AppleWebKit/537.36 (KHTML, like Gecko) Chrome/77.0.3865.120 Safari/537.36"
::1 - - [30/Oct/2019:13:11:03 +0000] "GET /js/jquery.js HTTP/1.1" 200 95788 "http://localhost:8000/" "Mozilla/5.0 (Windows NT 10.0; Win64; x64) AppleWebKit/537.36 (KHTML, like Gecko) Chrome/77.0.3865.120 Safari/537.36"
::1 - - [30/Oct/2019:13:11:04 +0000] "GET /img/bg.jpg HTTP/1.1" 200 158488 "http://localhost:8000/css/stylish-portfolio.css" "Mozilla/5.0 (Windows NT 10.0; Win64; x64) AppleWebKit/537.36 (KHTML, like Gecko) Chrome/77.0.3865.120 Safari/537.36"
::1 - - [30/Oct/2019:13:11:04 +0000] "GET /font-awesome/fonts/fontawesome-webfont.woff2?v=4.3.0 HTTP/1.1" 200 56780 "http://localhost:8000/font-awesome/css/font-awesome.min.css" "Mozilla/5.0 (Windows NT 10.0; Win64; x64) AppleWebKit/537.36 (KHTML, like Gecko) Chrome/77.0.3865.120 Safari/537.36"
::1 - - [30/Oct/2019:13:11:53 +0000] "GET /todolist/gdhong HTTP/1.1" 200 374 "http://localhost:8080/todos" "Mozilla/5.0 (Windows NT 10.0; Win64; x64) AppleWebKit/537.36 (KHTML, like Gecko) Chrome/77.0.3865.120 Safari/537.36"
::1 - - [30/Oct/2019:13:12:00 +0000] "POST /todolist/gdhong/ HTTP/1.1" 200 100 "http://localhost:8080/todos" "Mozilla/5.0 (Windows NT 10.0; Win64; x64) AppleWebKit/537.36 (KHTML, like Gecko) Chrome/77.0.3865.120 Safari/537.36"
::1 - - [30/Oct/2019:13:13:58 +0000] "GET /todolist/gdhong HTTP/1.1" 200 434 "-" "PostmanRuntime/7.19.0"
::1 - - [30/Oct/2019:13:14:13 +0000] "POST /todolist/gdhong HTTP/1.1" 200 141 "-" "PostmanRuntime/7.19.0"
::1 - - [30/Oct/2019:13:16:35 +0000] "GET /todolist/gdhong HTTP/1.1" 200 535 "http://localhost:8080/todos" "Mozilla/5.0 (Windows NT 10.0; Win64; x64) AppleWebKit/537.36 (KHTML, like Gecko) Chrome/77.0.3865.120 Safari/537.36"
::1 - - [30/Oct/2019:13:17:41 +0000] "GET /todolist/gdhong HTTP/1.1" 200 535 "http://localhost:8080/todos" "Mozilla/5.0 (Windows NT 10.0; Win64; x64) AppleWebKit/537.36 (KHTML, like Gecko) Chrome/77.0.3865.120 Safari/537.36"
::1 - - [30/Oct/2019:13:17:51 +0000] "POST /todolist/gdhong HTTP/1.1" 200 100 "http://localhost:8080/todos" "Mozilla/5.0 (Windows NT 10.0; Win64; x64) AppleWebKit/537.36 (KHTML, like Gecko) Chrome/77.0.3865.120 Safari/537.36"
::1 - - [30/Oct/2019:13:17:54 +0000] "GET /todolist/gdhong HTTP/1.1" 200 595 "http://localhost:8080/todos" "Mozilla/5.0 (Windows NT 10.0; Win64; x64) AppleWebKit/537.36 (KHTML, like Gecko) Chrome/77.0.3865.120 Safari/537.36"
::1 - - [30/Oct/2019:13:18:05 +0000] "GET /todolist/gdhong HTTP/1.1" 200 595 "http://localhost:8080/todos/add" "Mozilla/5.0 (Windows NT 10.0; Win64; x64) AppleWebKit/537.36 (KHTML, like Gecko) Chrome/77.0.3865.120 Safari/537.36"
::1 - - [30/Oct/2019:13:18:05 +0000] "GET /todolist/gdhong HTTP/1.1" 200 595 "http://localhost:8080/todos" "Mozilla/5.0 (Windows NT 10.0; Win64; x64) AppleWebKit/537.36 (KHTML, like Gecko) Chrome/77.0.3865.120 Safari/537.36"
::1 - - [30/Oct/2019:13:18:14 +0000] "POST /todolist/gdhong HTTP/1.1" 200 100 "http://localhost:8080/todos" "Mozilla/5.0 (Windows NT 10.0; Win64; x64) AppleWebKit/537.36 (KHTML, like Gecko) Chrome/77.0.3865.120 Safari/537.36"
::1 - - [30/Oct/2019:13:18:18 +0000] "POST /todolist/gdhong HTTP/1.1" 200 100 "http://localhost:8080/todos" "Mozilla/5.0 (Windows NT 10.0; Win64; x64) AppleWebKit/537.36 (KHTML, like Gecko) Chrome/77.0.3865.120 Safari/537.36"
::1 - - [30/Oct/2019:13:18:29 +0000] "GET /todolist/gdhong HTTP/1.1" 200 715 "http://localhost:8080/todos" "Mozilla/5.0 (Windows NT 10.0; Win64; x64) AppleWebKit/537.36 (KHTML, like Gecko) Chrome/77.0.3865.120 Safari/537.36"
::1 - - [30/Oct/2019:13:20:45 +0000] "GET /todolist/gdhong HTTP/1.1" 200 715 "http://localhost:8080/todos" "Mozilla/5.0 (Windows NT 10.0; Win64; x64) AppleWebKit/537.36 (KHTML, like Gecko) Chrome/77.0.3865.120 Safari/537.36"
::1 - - [30/Oct/2019:13:20:45 +0000] "GET /todolist/gdhong HTTP/1.1" 200 715 "http://localhost:8080/todos" "Mozilla/5.0 (Windows NT 10.0; Win64; x64) AppleWebKit/537.36 (KHTML, like Gecko) Chrome/77.0.3865.120 Safari/537.36"
::1 - - [30/Oct/2019:13:21:13 +0000] "GET /todolist/gdhong HTTP/1.1" 200 715 "http://localhost:8080/todos" "Mozilla/5.0 (Windows NT 10.0; Win64; x64) AppleWebKit/537.36 (KHTML, like Gecko) Chrome/77.0.3865.120 Safari/537.36"
::1 - - [30/Oct/2019:13:21:13 +0000] "GET /todolist/gdhong HTTP/1.1" 200 715 "http://localhost:8080/todos" "Mozilla/5.0 (Windows NT 10.0; Win64; x64) AppleWebKit/537.36 (KHTML, like Gecko) Chrome/77.0.3865.120 Safari/537.36"
::1 - - [30/Oct/2019:13:21:24 +0000] "GET /todolist/gdhong HTTP/1.1" 200 715 "http://localhost:8080/todos" "Mozilla/5.0 (Windows NT 10.0; Win64; x64) AppleWebKit/537.36 (KHTML, like Gecko) Chrome/77.0.3865.120 Safari/537.36"
::1 - - [30/Oct/2019:13:21:24 +0000] "GET /todolist/gdhong HTTP/1.1" 200 715 "http://localhost:8080/todos" "Mozilla/5.0 (Windows NT 10.0; Win64; x64) AppleWebKit/537.36 (KHTML, like Gecko) Chrome/77.0.3865.120 Safari/537.36"
::1 - - [30/Oct/2019:13:21:42 +0000] "GET /todolist/gdhong HTTP/1.1" 200 715 "http://localhost:8080/todos" "Mozilla/5.0 (Windows NT 10.0; Win64; x64) AppleWebKit/537.36 (KHTML, like Gecko) Chrome/77.0.3865.120 Safari/537.36"
::1 - - [30/Oct/2019:13:21:42 +0000] "GET /todolist/gdhong HTTP/1.1" 200 715 "http://localhost:8080/todos" "Mozilla/5.0 (Windows NT 10.0; Win64; x64) AppleWebKit/537.36 (KHTML, like Gecko) Chrome/77.0.3865.120 Safari/537.36"
::1 - - [30/Oct/2019:13:21:52 +0000] "GET /todolist/gdhong HTTP/1.1" 200 715 "http://localhost:8080/todos" "Mozilla/5.0 (Windows NT 10.0; Win64; x64) AppleWebKit/537.36 (KHTML, like Gecko) Chrome/77.0.3865.120 Safari/537.36"
::1 - - [30/Oct/2019:13:21:52 +0000] "GET /todolist/gdhong HTTP/1.1" 200 715 "http://localhost:8080/todos" "Mozilla/5.0 (Windows NT 10.0; Win64; x64) AppleWebKit/537.36 (KHTML, like Gecko) Chrome/77.0.3865.120 Safari/537.36"
::1 - - [30/Oct/2019:13:21:54 +0000] "PUT /todolist/gdhong/1572440901615/done HTTP/1.1" 200 112 "http://localhost:8080/todos" "Mozilla/5.0 (Windows NT 10.0; Win64; x64) AppleWebKit/537.36 (KHTML, like Gecko) Chrome/77.0.3865.120 Safari/537.36"
::1 - - [30/Oct/2019:13:21:56 +0000] "PUT /todolist/gdhong/1572440901615/done HTTP/1.1" 200 113 "http://localhost:8080/todos" "Mozilla/5.0 (Windows NT 10.0; Win64; x64) AppleWebKit/537.36 (KHTML, like Gecko) Chrome/77.0.3865.120 Safari/537.36"
::1 - - [30/Oct/2019:13:21:57 +0000] "PUT /todolist/gdhong/1572440901615/done HTTP/1.1" 200 112 "http://localhost:8080/todos" "Mozilla/5.0 (Windows NT 10.0; Win64; x64) AppleWebKit/537.36 (KHTML, like Gecko) Chrome/77.0.3865.120 Safari/537.36"
::1 - - [30/Oct/2019:13:21:59 +0000] "GET /todolist/gdhong HTTP/1.1" 200 714 "http://localhost:8080/todos" "Mozilla/5.0 (Windows NT 10.0; Win64; x64) AppleWebKit/537.36 (KHTML, like Gecko) Chrome/77.0.3865.120 Safari/537.36"
::1 - - [30/Oct/2019:13:22:01 +0000] "PUT /todolist/gdhong/1572441498414/done HTTP/1.1" 200 106 "http://localhost:8080/todos" "Mozilla/5.0 (Windows NT 10.0; Win64; x64) AppleWebKit/537.36 (KHTML, like Gecko) Chrome/77.0.3865.120 Safari/537.36"
::1 - - [30/Oct/2019:13:22:03 +0000] "GET /todolist/gdhong HTTP/1.1" 200 713 "http://localhost:8080/todos" "Mozilla/5.0 (Windows NT 10.0; Win64; x64) AppleWebKit/537.36 (KHTML, like Gecko) Chrome/77.0.3865.120 Safari/537.36"
::1 - - [30/Oct/2019:13:22:08 +0000] "POST /todolist/gdhong HTTP/1.1" 200 101 "http://localhost:8080/todos" "Mozilla/5.0 (Windows NT 10.0; Win64; x64) AppleWebKit/537.36 (KHTML, like Gecko) Chrome/77.0.3865.120 Safari/537.36"
::1 - - [30/Oct/2019:13:22:09 +0000] "PUT /todolist/gdhong/1572441728043/done HTTP/1.1" 200 101 "http://localhost:8080/todos" "Mozilla/5.0 (Windows NT 10.0; Win64; x64) AppleWebKit/537.36 (KHTML, like Gecko) Chrome/77.0.3865.120 Safari/537.36"
::1 - - [30/Oct/2019:13:22:10 +0000] "PUT /todolist/gdhong/1572441728043/done HTTP/1.1" 200 101 "http://localhost:8080/todos" "Mozilla/5.0 (Windows NT 10.0; Win64; x64) AppleWebKit/537.36 (KHTML, like Gecko) Chrome/77.0.3865.120 Safari/537.36"
::1 - - [30/Oct/2019:13:22:33 +0000] "PUT /todolist/gdhong/1572441728043/done HTTP/1.1" 200 101 "http://localhost:8080/todos" "Mozilla/5.0 (Windows NT 10.0; Win64; x64) AppleWebKit/537.36 (KHTML, like Gecko) Chrome/77.0.3865.120 Safari/537.36"
::1 - - [30/Oct/2019:13:22:34 +0000] "PUT /todolist/gdhong/1572441728043/done HTTP/1.1" 200 101 "http://localhost:8080/todos" "Mozilla/5.0 (Windows NT 10.0; Win64; x64) AppleWebKit/537.36 (KHTML, like Gecko) Chrome/77.0.3865.120 Safari/537.36"
::1 - - [30/Oct/2019:13:22:35 +0000] "PUT /todolist/gdhong/1572441728043/done HTTP/1.1" 200 101 "http://localhost:8080/todos" "Mozilla/5.0 (Windows NT 10.0; Win64; x64) AppleWebKit/537.36 (KHTML, like Gecko) Chrome/77.0.3865.120 Safari/537.36"
::1 - - [30/Oct/2019:13:22:35 +0000] "PUT /todolist/gdhong/1572441728043/done HTTP/1.1" 200 101 "http://localhost:8080/todos" "Mozilla/5.0 (Windows NT 10.0; Win64; x64) AppleWebKit/537.36 (KHTML, like Gecko) Chrome/77.0.3865.120 Safari/537.36"
::1 - - [30/Oct/2019:13:22:35 +0000] "PUT /todolist/gdhong/1572441728043/done HTTP/1.1" 200 101 "http://localhost:8080/todos" "Mozilla/5.0 (Windows NT 10.0; Win64; x64) AppleWebKit/537.36 (KHTML, like Gecko) Chrome/77.0.3865.120 Safari/537.36"
::1 - - [30/Oct/2019:13:22:37 +0000] "PUT /todolist/gdhong/1572441728043/done HTTP/1.1" 200 101 "http://localhost:8080/todos" "Mozilla/5.0 (Windows NT 10.0; Win64; x64) AppleWebKit/537.36 (KHTML, like Gecko) Chrome/77.0.3865.120 Safari/537.36"
::1 - - [30/Oct/2019:13:22:48 +0000] "GET /todolist/gdhong HTTP/1.1" 200 774 "http://localhost:8080/todos" "Mozilla/5.0 (Windows NT 10.0; Win64; x64) AppleWebKit/537.36 (KHTML, like Gecko) Chrome/77.0.3865.120 Safari/537.36"
::1 - - [30/Oct/2019:13:22:48 +0000] "GET /todolist/gdhong HTTP/1.1" 200 774 "http://localhost:8080/todos" "Mozilla/5.0 (Windows NT 10.0; Win64; x64) AppleWebKit/537.36 (KHTML, like Gecko) Chrome/77.0.3865.120 Safari/537.36"
::1 - - [30/Oct/2019:13:23:06 +0000] "PUT /todolist/gdhong/1572441728036/done HTTP/1.1" 200 106 "http://localhost:8080/todos" "Mozilla/5.0 (Windows NT 10.0; Win64; x64) AppleWebKit/537.36 (KHTML, like Gecko) Chrome/77.0.3865.120 Safari/537.36"
::1 - - [30/Oct/2019:13:23:11 +0000] "POST /todolist/gdhong HTTP/1.1" 200 100 "http://localhost:8080/todos" "Mozilla/5.0 (Windows NT 10.0; Win64; x64) AppleWebKit/537.36 (KHTML, like Gecko) Chrome/77.0.3865.120 Safari/537.36"
::1 - - [30/Oct/2019:13:23:21 +0000] "PUT /todolist/gdhong/1572441791270/done HTTP/1.1" 200 101 "http://localhost:8080/todos" "Mozilla/5.0 (Windows NT 10.0; Win64; x64) AppleWebKit/537.36 (KHTML, like Gecko) Chrome/77.0.3865.120 Safari/537.36"
::1 - - [30/Oct/2019:13:23:52 +0000] "PUT /todolist/gdhong/1572441791270/done HTTP/1.1" 200 101 "-" "PostmanRuntime/7.19.0"
::1 - - [30/Oct/2019:13:24:02 +0000] "GET /todolist/gdhong/1572441791270 HTTP/1.1" 200 2 "-" "PostmanRuntime/7.19.0"
::1 - - [30/Oct/2019:13:24:13 +0000] "GET /todolist/gdhong HTTP/1.1" 200 833 "http://localhost:8000/" "Mozilla/5.0 (Windows NT 10.0; Win64; x64) AppleWebKit/537.36 (KHTML, like Gecko) Chrome/77.0.3865.120 Safari/537.36"
::1 - - [30/Oct/2019:13:25:03 +0000] "PUT /todolist/gdhong/1572441791270/done HTTP/1.1" 200 101 "http://localhost:8080/todos" "Mozilla/5.0 (Windows NT 10.0; Win64; x64) AppleWebKit/537.36 (KHTML, like Gecko) Chrome/77.0.3865.120 Safari/537.36"
::1 - - [30/Oct/2019:13:25:06 +0000] "GET /todolist/gdhong HTTP/1.1" 200 833 "http://localhost:8080/todos" "Mozilla/5.0 (Windows NT 10.0; Win64; x64) AppleWebKit/537.36 (KHTML, like Gecko) Chrome/77.0.3865.120 Safari/537.36"
::1 - - [30/Oct/2019:13:25:07 +0000] "PUT /todolist/gdhong/1572441791265/done HTTP/1.1" 200 106 "http://localhost:8080/todos" "Mozilla/5.0 (Windows NT 10.0; Win64; x64) AppleWebKit/537.36 (KHTML, like Gecko) Chrome/77.0.3865.120 Safari/537.36"
::1 - - [30/Oct/2019:13:26:10 +0000] "GET /todolist/gdhong HTTP/1.1" 200 832 "http://localhost:8080/todos" "Mozilla/5.0 (Windows NT 10.0; Win64; x64) AppleWebKit/537.36 (KHTML, like Gecko) Chrome/77.0.3865.120 Safari/537.36"
::1 - - [30/Oct/2019:13:26:28 +0000] "GET /todolist/gdhong HTTP/1.1" 200 832 "http://localhost:8080/todos" "Mozilla/5.0 (Windows NT 10.0; Win64; x64) AppleWebKit/537.36 (KHTML, like Gecko) Chrome/77.0.3865.120 Safari/537.36"
::1 - - [30/Oct/2019:13:26:32 +0000] "GET /todolist/gdhong HTTP/1.1" 200 832 "http://localhost:8080/todos" "Mozilla/5.0 (Windows NT 10.0; Win64; x64) AppleWebKit/537.36 (KHTML, like Gecko) Chrome/77.0.3865.120 Safari/537.36"
::1 - - [30/Oct/2019:13:26:39 +0000] "GET /todolist/gdhong HTTP/1.1" 200 832 "http://localhost:8080/todos" "Mozilla/5.0 (Windows NT 10.0; Win64; x64) AppleWebKit/537.36 (KHTML, like Gecko) Chrome/77.0.3865.120 Safari/537.36"
::1 - - [30/Oct/2019:13:27:03 +0000] "GET /todolist/gdhong HTTP/1.1" 200 832 "http://localhost:8080/todos" "Mozilla/5.0 (Windows NT 10.0; Win64; x64) AppleWebKit/537.36 (KHTML, like Gecko) Chrome/77.0.3865.120 Safari/537.36"
::1 - - [30/Oct/2019:13:27:22 +0000] "GET /todolist/gdhong HTTP/1.1" 200 832 "http://localhost:8080/todos" "Mozilla/5.0 (Windows NT 10.0; Win64; x64) AppleWebKit/537.36 (KHTML, like Gecko) Chrome/77.0.3865.120 Safari/537.36"
::1 - - [30/Oct/2019:13:27:31 +0000] "GET /todolist/gdhong HTTP/1.1" 200 832 "http://localhost:8080/todos" "Mozilla/5.0 (Windows NT 10.0; Win64; x64) AppleWebKit/537.36 (KHTML, like Gecko) Chrome/77.0.3865.120 Safari/537.36"
::1 - - [30/Oct/2019:13:27:42 +0000] "GET /todolist/gdhong HTTP/1.1" 200 832 "http://localhost:8080/todos" "Mozilla/5.0 (Windows NT 10.0; Win64; x64) AppleWebKit/537.36 (KHTML, like Gecko) Chrome/77.0.3865.120 Safari/537.36"
::1 - - [30/Oct/2019:13:28:03 +0000] "GET /todolist/gdhong HTTP/1.1" 200 832 "http://localhost:8080/todos" "Mozilla/5.0 (Windows NT 10.0; Win64; x64) AppleWebKit/537.36 (KHTML, like Gecko) Chrome/77.0.3865.120 Safari/537.36"
::1 - - [30/Oct/2019:13:28:06 +0000] "DELETE /todolist/gdhong/1572441791265 HTTP/1.1" 200 87 "http://localhost:8080/todos" "Mozilla/5.0 (Windows NT 10.0; Win64; x64) AppleWebKit/537.36 (KHTML, like Gecko) Chrome/77.0.3865.120 Safari/537.36"
::1 - - [30/Oct/2019:13:28:07 +0000] "DELETE /todolist/gdhong/1572441498414 HTTP/1.1" 200 87 "http://localhost:8080/todos" "Mozilla/5.0 (Windows NT 10.0; Win64; x64) AppleWebKit/537.36 (KHTML, like Gecko) Chrome/77.0.3865.120 Safari/537.36"
::1 - - [30/Oct/2019:13:28:09 +0000] "DELETE /todolist/gdhong/1572441471547 HTTP/1.1" 200 87 "http://localhost:8080/todos" "Mozilla/5.0 (Windows NT 10.0; Win64; x64) AppleWebKit/537.36 (KHTML, like Gecko) Chrome/77.0.3865.120 Safari/537.36"
::1 - - [30/Oct/2019:13:28:11 +0000] "GET /todolist/gdhong HTTP/1.1" 200 654 "http://localhost:8080/todos" "Mozilla/5.0 (Windows NT 10.0; Win64; x64) AppleWebKit/537.36 (KHTML, like Gecko) Chrome/77.0.3865.120 Safari/537.36"
::1 - - [30/Oct/2019:13:28:28 +0000] "GET /todolist/gdhong HTTP/1.1" 200 654 "http://localhost:8080/todos" "Mozilla/5.0 (Windows NT 10.0; Win64; x64) AppleWebKit/537.36 (KHTML, like Gecko) Chrome/77.0.3865.120 Safari/537.36"
::1 - - [30/Oct/2019:13:28:32 +0000] "GET /todolist/gdhong HTTP/1.1" 200 654 "http://localhost:8080/todos" "Mozilla/5.0 (Windows NT 10.0; Win64; x64) AppleWebKit/537.36 (KHTML, like Gecko) Chrome/77.0.3865.120 Safari/537.36"
::1 - - [30/Oct/2019:13:28:33 +0000] "DELETE /todolist/gdhong/1572441728036 HTTP/1.1" 200 87 "http://localhost:8080/todos" "Mozilla/5.0 (Windows NT 10.0; Win64; x64) AppleWebKit/537.36 (KHTML, like Gecko) Chrome/77.0.3865.120 Safari/537.36"
::1 - - [30/Oct/2019:13:28:34 +0000] "DELETE /todolist/gdhong/1572441494459 HTTP/1.1" 200 87 "http://localhost:8080/todos" "Mozilla/5.0 (Windows NT 10.0; Win64; x64) AppleWebKit/537.36 (KHTML, like Gecko) Chrome/77.0.3865.120 Safari/537.36"
::1 - - [30/Oct/2019:13:28:34 +0000] "DELETE /todolist/gdhong/1572441253079 HTTP/1.1" 200 95 "http://localhost:8080/todos" "Mozilla/5.0 (Windows NT 10.0; Win64; x64) AppleWebKit/537.36 (KHTML, like Gecko) Chrome/77.0.3865.120 Safari/537.36"
::1 - - [30/Oct/2019:13:28:35 +0000] "DELETE /todolist/gdhong/1572441120039 HTTP/1.1" 200 87 "http://localhost:8080/todos" "Mozilla/5.0 (Windows NT 10.0; Win64; x64) AppleWebKit/537.36 (KHTML, like Gecko) Chrome/77.0.3865.120 Safari/537.36"
::1 - - [30/Oct/2019:13:28:37 +0000] "GET /todolist/gdhong HTTP/1.1" 200 373 "http://localhost:8080/todos" "Mozilla/5.0 (Windows NT 10.0; Win64; x64) AppleWebKit/537.36 (KHTML, like Gecko) Chrome/77.0.3865.120 Safari/537.36"
::1 - - [30/Oct/2019:13:28:38 +0000] "PUT /todolist/gdhong/1572440901614/done HTTP/1.1" 200 110 "http://localhost:8080/todos" "Mozilla/5.0 (Windows NT 10.0; Win64; x64) AppleWebKit/537.36 (KHTML, like Gecko) Chrome/77.0.3865.120 Safari/537.36"
::1 - - [30/Oct/2019:13:28:39 +0000] "PUT /todolist/gdhong/1572440901615/done HTTP/1.1" 200 113 "http://localhost:8080/todos" "Mozilla/5.0 (Windows NT 10.0; Win64; x64) AppleWebKit/537.36 (KHTML, like Gecko) Chrome/77.0.3865.120 Safari/537.36"
::1 - - [30/Oct/2019:13:28:40 +0000] "PUT /todolist/gdhong/123456789/done HTTP/1.1" 200 110 "http://localhost:8080/todos" "Mozilla/5.0 (Windows NT 10.0; Win64; x64) AppleWebKit/537.36 (KHTML, like Gecko) Chrome/77.0.3865.120 Safari/537.36"
::1 - - [30/Oct/2019:13:28:41 +0000] "GET /todolist/gdhong HTTP/1.1" 200 376 "http://localhost:8080/todos" "Mozilla/5.0 (Windows NT 10.0; Win64; x64) AppleWebKit/537.36 (KHTML, like Gecko) Chrome/77.0.3865.120 Safari/537.36"
::1 - - [30/Oct/2019:13:28:43 +0000] "PUT /todolist/gdhong/123456789/done HTTP/1.1" 200 109 "http://localhost:8080/todos" "Mozilla/5.0 (Windows NT 10.0; Win64; x64) AppleWebKit/537.36 (KHTML, like Gecko) Chrome/77.0.3865.120 Safari/537.36"
::1 - - [30/Oct/2019:13:28:44 +0000] "GET /todolist/gdhong HTTP/1.1" 200 375 "http://localhost:8080/todos" "Mozilla/5.0 (Windows NT 10.0; Win64; x64) AppleWebKit/537.36 (KHTML, like Gecko) Chrome/77.0.3865.120 Safari/537.36"
::1 - - [30/Oct/2019:13:29:41 +0000] "GET /todolist/gdhong HTTP/1.1" 200 375 "http://localhost:8080/todos" "Mozilla/5.0 (Windows NT 10.0; Win64; x64) AppleWebKit/537.36 (KHTML, like Gecko) Chrome/77.0.3865.120 Safari/537.36"
::1 - - [30/Oct/2019:13:29:51 +0000] "GET /todolist/gdhong HTTP/1.1" 200 375 "http://localhost:8080/todos" "Mozilla/5.0 (Windows NT 10.0; Win64; x64) AppleWebKit/537.36 (KHTML, like Gecko) Chrome/77.0.3865.120 Safari/537.36"
::1 - - [30/Oct/2019:13:29:54 +0000] "PUT /todolist/gdhong/undefined HTTP/1.1" 200 101 "http://localhost:8080/todos" "Mozilla/5.0 (Windows NT 10.0; Win64; x64) AppleWebKit/537.36 (KHTML, like Gecko) Chrome/77.0.3865.120 Safari/537.36"
::1 - - [30/Oct/2019:13:29:57 +0000] "GET /todolist/gdhong HTTP/1.1" 200 375 "http://localhost:8080/todos" "Mozilla/5.0 (Windows NT 10.0; Win64; x64) AppleWebKit/537.36 (KHTML, like Gecko) Chrome/77.0.3865.120 Safari/537.36"
::1 - - [30/Oct/2019:13:30:17 +0000] "GET /todolist/gdhong HTTP/1.1" 200 375 "http://localhost:8080/todos" "Mozilla/5.0 (Windows NT 10.0; Win64; x64) AppleWebKit/537.36 (KHTML, like Gecko) Chrome/77.0.3865.120 Safari/537.36"
::1 - - [30/Oct/2019:13:30:23 +0000] "PUT /todolist/gdhong/undefined HTTP/1.1" 200 101 "http://localhost:8080/todos" "Mozilla/5.0 (Windows NT 10.0; Win64; x64) AppleWebKit/537.36 (KHTML, like Gecko) Chrome/77.0.3865.120 Safari/537.36"
::1 - - [30/Oct/2019:13:30:32 +0000] "GET /todolist/gdhong HTTP/1.1" 200 375 "http://localhost:8080/todos" "Mozilla/5.0 (Windows NT 10.0; Win64; x64) AppleWebKit/537.36 (KHTML, like Gecko) Chrome/77.0.3865.120 Safari/537.36"
::1 - - [30/Oct/2019:13:30:33 +0000] "PUT /todolist/gdhong/1572440901613/done HTTP/1.1" 200 113 "http://localhost:8080/todos" "Mozilla/5.0 (Windows NT 10.0; Win64; x64) AppleWebKit/537.36 (KHTML, like Gecko) Chrome/77.0.3865.120 Safari/537.36"
::1 - - [30/Oct/2019:13:30:34 +0000] "PUT /todolist/gdhong/1572440901613/done HTTP/1.1" 200 114 "http://localhost:8080/todos" "Mozilla/5.0 (Windows NT 10.0; Win64; x64) AppleWebKit/537.36 (KHTML, like Gecko) Chrome/77.0.3865.120 Safari/537.36"
::1 - - [30/Oct/2019:13:30:35 +0000] "PUT /todolist/gdhong/1572440901613/done HTTP/1.1" 200 113 "http://localhost:8080/todos" "Mozilla/5.0 (Windows NT 10.0; Win64; x64) AppleWebKit/537.36 (KHTML, like Gecko) Chrome/77.0.3865.120 Safari/537.36"
::1 - - [30/Oct/2019:13:30:39 +0000] "GET /todolist/gdhong HTTP/1.1" 200 374 "http://localhost:8080/todos" "Mozilla/5.0 (Windows NT 10.0; Win64; x64) AppleWebKit/537.36 (KHTML, like Gecko) Chrome/77.0.3865.120 Safari/537.36"
::1 - - [30/Oct/2019:13:30:42 +0000] "GET /todolist/gdhong HTTP/1.1" 200 374 "http://localhost:8080/todos" "Mozilla/5.0 (Windows NT 10.0; Win64; x64) AppleWebKit/537.36 (KHTML, like Gecko) Chrome/77.0.3865.120 Safari/537.36"
::1 - - [30/Oct/2019:13:30:45 +0000] "PUT /todolist/gdhong/1572440901613 HTTP/1.1" 200 81 "http://localhost:8080/todos" "Mozilla/5.0 (Windows NT 10.0; Win64; x64) AppleWebKit/537.36 (KHTML, like Gecko) Chrome/77.0.3865.120 Safari/537.36"
::1 - - [30/Oct/2019:13:34:19 +0000] "GET /todolist/gdhong HTTP/1.1" 200 302 "http://localhost:8080/todos" "Mozilla/5.0 (Windows NT 10.0; Win64; x64) AppleWebKit/537.36 (KHTML, like Gecko) Chrome/77.0.3865.120 Safari/537.36"
::1 - - [30/Oct/2019:13:34:22 +0000] "GET /todolist/gdhong HTTP/1.1" 200 302 "http://localhost:8080/todos" "Mozilla/5.0 (Windows NT 10.0; Win64; x64) AppleWebKit/537.36 (KHTML, like Gecko) Chrome/77.0.3865.120 Safari/537.36"
::1 - - [30/Oct/2019:13:34:24 +0000] "DELETE /todolist/gdhong/1572440901613 HTTP/1.1" 200 74 "http://localhost:8080/todos" "Mozilla/5.0 (Windows NT 10.0; Win64; x64) AppleWebKit/537.36 (KHTML, like Gecko) Chrome/77.0.3865.120 Safari/537.36"
::1 - - [30/Oct/2019:13:34:29 +0000] "POST /todolist/gdhong HTTP/1.1" 200 102 "http://localhost:8080/todos" "Mozilla/5.0 (Windows NT 10.0; Win64; x64) AppleWebKit/537.36 (KHTML, like Gecko) Chrome/77.0.3865.120 Safari/537.36"
::1 - - [30/Oct/2019:13:34:34 +0000] "PUT /todolist/gdhong/1572442469161 HTTP/1.1" 200 81 "http://localhost:8080/todos" "Mozilla/5.0 (Windows NT 10.0; Win64; x64) AppleWebKit/537.36 (KHTML, like Gecko) Chrome/77.0.3865.120 Safari/537.36"
::1 - - [30/Oct/2019:13:34:36 +0000] "PUT /todolist/gdhong/1572440901614/done HTTP/1.1" 200 109 "http://localhost:8080/todos" "Mozilla/5.0 (Windows NT 10.0; Win64; x64) AppleWebKit/537.36 (KHTML, like Gecko) Chrome/77.0.3865.120 Safari/537.36"
::1 - - [30/Oct/2019:13:34:37 +0000] "PUT /todolist/gdhong/1572440901615/done HTTP/1.1" 200 112 "http://localhost:8080/todos" "Mozilla/5.0 (Windows NT 10.0; Win64; x64) AppleWebKit/537.36 (KHTML, like Gecko) Chrome/77.0.3865.120 Safari/537.36"
::1 - - [30/Oct/2019:13:34:37 +0000] "PUT /todolist/gdhong/1572440901615/done HTTP/1.1" 200 113 "http://localhost:8080/todos" "Mozilla/5.0 (Windows NT 10.0; Win64; x64) AppleWebKit/537.36 (KHTML, like Gecko) Chrome/77.0.3865.120 Safari/537.36"
::1 - - [30/Oct/2019:13:34:38 +0000] "PUT /todolist/gdhong/1572440901614/done HTTP/1.1" 200 110 "http://localhost:8080/todos" "Mozilla/5.0 (Windows NT 10.0; Win64; x64) AppleWebKit/537.36 (KHTML, like Gecko) Chrome/77.0.3865.120 Safari/537.36"
::1 - - [30/Oct/2019:13:34:40 +0000] "GET /todolist/gdhong HTTP/1.1" 200 302 "http://localhost:8080/todos" "Mozilla/5.0 (Windows NT 10.0; Win64; x64) AppleWebKit/537.36 (KHTML, like Gecko) Chrome/77.0.3865.120 Safari/537.36"
::1 - - [30/Oct/2019:13:34:45 +0000] "PUT /todolist/gdhong/1572442469161 HTTP/1.1" 200 81 "http://localhost:8080/todos" "Mozilla/5.0 (Windows NT 10.0; Win64; x64) AppleWebKit/537.36 (KHTML, like Gecko) Chrome/77.0.3865.120 Safari/537.36"
::1 - - [30/Oct/2019:13:34:47 +0000] "GET /todolist/gdhong HTTP/1.1" 200 302 "http://localhost:8080/todos" "Mozilla/5.0 (Windows NT 10.0; Win64; x64) AppleWebKit/537.36 (KHTML, like Gecko) Chrome/77.0.3865.120 Safari/537.36"
::1 - - [30/Oct/2019:13:36:14 +0000] "GET /todolist/gdhong HTTP/1.1" 200 302 "http://localhost:8080/todos" "Mozilla/5.0 (Windows NT 10.0; Win64; x64) AppleWebKit/537.36 (KHTML, like Gecko) Chrome/77.0.3865.120 Safari/537.36"
::1 - - [30/Oct/2019:13:36:17 +0000] "GET /todolist/gdhong HTTP/1.1" 200 302 "http://localhost:8080/todos" "Mozilla/5.0 (Windows NT 10.0; Win64; x64) AppleWebKit/537.36 (KHTML, like Gecko) Chrome/77.0.3865.120 Safari/537.36"
::1 - - [30/Oct/2019:13:36:21 +0000] "PUT /todolist/gdhong/1572442469161 HTTP/1.1" 200 120 "http://localhost:8080/todos" "Mozilla/5.0 (Windows NT 10.0; Win64; x64) AppleWebKit/537.36 (KHTML, like Gecko) Chrome/77.0.3865.120 Safari/537.36"
::1 - - [30/Oct/2019:13:36:24 +0000] "GET /todolist/gdhong HTTP/1.1" 200 341 "http://localhost:8080/todos" "Mozilla/5.0 (Windows NT 10.0; Win64; x64) AppleWebKit/537.36 (KHTML, like Gecko) Chrome/77.0.3865.120 Safari/537.36"
::1 - - [30/Oct/2019:13:36:26 +0000] "PUT /todolist/gdhong/1572440901615/done HTTP/1.1" 200 112 "http://localhost:8080/todos" "Mozilla/5.0 (Windows NT 10.0; Win64; x64) AppleWebKit/537.36 (KHTML, like Gecko) Chrome/77.0.3865.120 Safari/537.36"
::1 - - [30/Oct/2019:13:36:27 +0000] "PUT /todolist/gdhong/1572440901615/done HTTP/1.1" 200 113 "http://localhost:8080/todos" "Mozilla/5.0 (Windows NT 10.0; Win64; x64) AppleWebKit/537.36 (KHTML, like Gecko) Chrome/77.0.3865.120 Safari/537.36"
::1 - - [30/Oct/2019:13:36:30 +0000] "POST /todolist/gdhong HTTP/1.1" 200 101 "http://localhost:8080/todos" "Mozilla/5.0 (Windows NT 10.0; Win64; x64) AppleWebKit/537.36 (KHTML, like Gecko) Chrome/77.0.3865.120 Safari/537.36"
::1 - - [30/Oct/2019:13:36:37 +0000] "PUT /todolist/gdhong/1572442590681 HTTP/1.1" 200 125 "http://localhost:8080/todos" "Mozilla/5.0 (Windows NT 10.0; Win64; x64) AppleWebKit/537.36 (KHTML, like Gecko) Chrome/77.0.3865.120 Safari/537.36"
::1 - - [30/Oct/2019:13:36:50 +0000] "DELETE /todolist/gdhong/1572442469161 HTTP/1.1" 200 87 "http://localhost:8080/todos" "Mozilla/5.0 (Windows NT 10.0; Win64; x64) AppleWebKit/537.36 (KHTML, like Gecko) Chrome/77.0.3865.120 Safari/537.36"
::1 - - [30/Oct/2019:13:36:52 +0000] "GET /todolist/gdhong HTTP/1.1" 200 346 "http://localhost:8080/todos" "Mozilla/5.0 (Windows NT 10.0; Win64; x64) AppleWebKit/537.36 (KHTML, like Gecko) Chrome/77.0.3865.120 Safari/537.36"
::1 - - [30/Oct/2019:13:36:56 +0000] "PUT /todolist/gdhong/1572442590681 HTTP/1.1" 200 120 "http://localhost:8080/todos" "Mozilla/5.0 (Windows NT 10.0; Win64; x64) AppleWebKit/537.36 (KHTML, like Gecko) Chrome/77.0.3865.120 Safari/537.36"
::1 - - [30/Oct/2019:13:36:58 +0000] "GET /todolist/gdhong HTTP/1.1" 200 341 "http://localhost:8080/todos" "Mozilla/5.0 (Windows NT 10.0; Win64; x64) AppleWebKit/537.36 (KHTML, like Gecko) Chrome/77.0.3865.120 Safari/537.36"
::1 - - [30/Oct/2019:13:41:01 +0000] "POST /todolist/gdhong HTTP/1.1" 200 100 "http://localhost:8080/todos" "Mozilla/5.0 (Windows NT 10.0; Win64; x64) AppleWebKit/537.36 (KHTML, like Gecko) Chrome/77.0.3865.120 Safari/537.36"
::1 - - [30/Oct/2019:13:41:04 +0000] "POST /todolist/gdhong HTTP/1.1" 200 100 "http://localhost:8080/todos" "Mozilla/5.0 (Windows NT 10.0; Win64; x64) AppleWebKit/537.36 (KHTML, like Gecko) Chrome/77.0.3865.120 Safari/537.36"
::1 - - [30/Oct/2019:13:41:09 +0000] "PUT /todolist/gdhong/1572442861822/done HTTP/1.1" 200 106 "http://localhost:8080/todos" "Mozilla/5.0 (Windows NT 10.0; Win64; x64) AppleWebKit/537.36 (KHTML, like Gecko) Chrome/77.0.3865.120 Safari/537.36"
::1 - - [30/Oct/2019:13:41:10 +0000] "PUT /todolist/gdhong/1572442861822/done HTTP/1.1" 200 107 "http://localhost:8080/todos" "Mozilla/5.0 (Windows NT 10.0; Win64; x64) AppleWebKit/537.36 (KHTML, like Gecko) Chrome/77.0.3865.120 Safari/537.36"
::1 - - [30/Oct/2019:13:41:12 +0000] "PUT /todolist/gdhong/1572442861822/done HTTP/1.1" 200 106 "http://localhost:8080/todos" "Mozilla/5.0 (Windows NT 10.0; Win64; x64) AppleWebKit/537.36 (KHTML, like Gecko) Chrome/77.0.3865.120 Safari/537.36"
::1 - - [30/Oct/2019:13:41:12 +0000] "PUT /todolist/gdhong/1572442861822/done HTTP/1.1" 200 107 "http://localhost:8080/todos" "Mozilla/5.0 (Windows NT 10.0; Win64; x64) AppleWebKit/537.36 (KHTML, like Gecko) Chrome/77.0.3865.120 Safari/537.36"
::1 - - [30/Oct/2019:13:41:16 +0000] "PUT /todolist/gdhong/1572442864908/done HTTP/1.1" 200 106 "http://localhost:8080/todos" "Mozilla/5.0 (Windows NT 10.0; Win64; x64) AppleWebKit/537.36 (KHTML, like Gecko) Chrome/77.0.3865.120 Safari/537.36"
::1 - - [30/Oct/2019:13:41:18 +0000] "PUT /todolist/gdhong/1572440901615/done HTTP/1.1" 200 112 "http://localhost:8080/todos" "Mozilla/5.0 (Windows NT 10.0; Win64; x64) AppleWebKit/537.36 (KHTML, like Gecko) Chrome/77.0.3865.120 Safari/537.36"
::1 - - [30/Oct/2019:13:41:19 +0000] "PUT /todolist/gdhong/1572440901615/done HTTP/1.1" 200 113 "http://localhost:8080/todos" "Mozilla/5.0 (Windows NT 10.0; Win64; x64) AppleWebKit/537.36 (KHTML, like Gecko) Chrome/77.0.3865.120 Safari/537.36"
::1 - - [30/Oct/2019:13:41:21 +0000] "PUT /todolist/gdhong/1572442590681/done HTTP/1.1" 200 107 "http://localhost:8080/todos" "Mozilla/5.0 (Windows NT 10.0; Win64; x64) AppleWebKit/537.36 (KHTML, like Gecko) Chrome/77.0.3865.120 Safari/537.36"
::1 - - [30/Oct/2019:13:41:21 +0000] "PUT /todolist/gdhong/1572442864908/done HTTP/1.1" 200 107 "http://localhost:8080/todos" "Mozilla/5.0 (Windows NT 10.0; Win64; x64) AppleWebKit/537.36 (KHTML, like Gecko) Chrome/77.0.3865.120 Safari/537.36"
::1 - - [30/Oct/2019:13:43:01 +0000] "GET / HTTP/1.1" 200 17232 "-" "Mozilla/5.0 (Windows NT 10.0; Win64; x64) AppleWebKit/537.36 (KHTML, like Gecko) Chrome/77.0.3865.120 Safari/537.36"
::1 - - [30/Oct/2019:13:43:01 +0000] "GET /css/bootstrap.min.css HTTP/1.1" 200 121205 "http://localhost:8000/" "Mozilla/5.0 (Windows NT 10.0; Win64; x64) AppleWebKit/537.36 (KHTML, like Gecko) Chrome/77.0.3865.120 Safari/537.36"
::1 - - [30/Oct/2019:13:43:01 +0000] "GET /css/stylish-portfolio.css HTTP/1.1" 200 4138 "http://localhost:8000/" "Mozilla/5.0 (Windows NT 10.0; Win64; x64) AppleWebKit/537.36 (KHTML, like Gecko) Chrome/77.0.3865.120 Safari/537.36"
::1 - - [30/Oct/2019:13:43:01 +0000] "GET /font-awesome/css/font-awesome.min.css HTTP/1.1" 200 23742 "http://localhost:8000/" "Mozilla/5.0 (Windows NT 10.0; Win64; x64) AppleWebKit/537.36 (KHTML, like Gecko) Chrome/77.0.3865.120 Safari/537.36"
::1 - - [30/Oct/2019:13:43:01 +0000] "GET /js/jquery.js HTTP/1.1" 200 95788 "http://localhost:8000/" "Mozilla/5.0 (Windows NT 10.0; Win64; x64) AppleWebKit/537.36 (KHTML, like Gecko) Chrome/77.0.3865.120 Safari/537.36"
::1 - - [30/Oct/2019:13:43:01 +0000] "GET /js/bootstrap.min.js HTTP/1.1" 200 37051 "http://localhost:8000/" "Mozilla/5.0 (Windows NT 10.0; Win64; x64) AppleWebKit/537.36 (KHTML, like Gecko) Chrome/77.0.3865.120 Safari/537.36"
::1 - - [30/Oct/2019:13:43:01 +0000] "GET /img/bg.jpg HTTP/1.1" 200 158488 "http://localhost:8000/css/stylish-portfolio.css" "Mozilla/5.0 (Windows NT 10.0; Win64; x64) AppleWebKit/537.36 (KHTML, like Gecko) Chrome/77.0.3865.120 Safari/537.36"
::1 - - [30/Oct/2019:13:43:01 +0000] "GET /font-awesome/fonts/fontawesome-webfont.woff2?v=4.3.0 HTTP/1.1" 200 56780 "http://localhost:8000/font-awesome/css/font-awesome.min.css" "Mozilla/5.0 (Windows NT 10.0; Win64; x64) AppleWebKit/537.36 (KHTML, like Gecko) Chrome/77.0.3865.120 Safari/537.36"
::1 - - [30/Oct/2019:13:45:26 +0000] "GET / HTTP/1.1" 200 17283 "-" "Mozilla/5.0 (Windows NT 10.0; Win64; x64) AppleWebKit/537.36 (KHTML, like Gecko) Chrome/77.0.3865.120 Safari/537.36"
::1 - - [30/Oct/2019:13:45:26 +0000] "GET /css/stylish-portfolio.css HTTP/1.1" 200 4138 "http://localhost:8000/" "Mozilla/5.0 (Windows NT 10.0; Win64; x64) AppleWebKit/537.36 (KHTML, like Gecko) Chrome/77.0.3865.120 Safari/537.36"
::1 - - [30/Oct/2019:13:45:26 +0000] "GET /js/bootstrap.min.js HTTP/1.1" 200 37051 "http://localhost:8000/" "Mozilla/5.0 (Windows NT 10.0; Win64; x64) AppleWebKit/537.36 (KHTML, like Gecko) Chrome/77.0.3865.120 Safari/537.36"
::1 - - [30/Oct/2019:13:45:26 +0000] "GET /font-awesome/css/font-awesome.min.css HTTP/1.1" 200 23742 "http://localhost:8000/" "Mozilla/5.0 (Windows NT 10.0; Win64; x64) AppleWebKit/537.36 (KHTML, like Gecko) Chrome/77.0.3865.120 Safari/537.36"
::1 - - [30/Oct/2019:13:45:26 +0000] "GET /css/bootstrap.min.css HTTP/1.1" 200 121205 "http://localhost:8000/" "Mozilla/5.0 (Windows NT 10.0; Win64; x64) AppleWebKit/537.36 (KHTML, like Gecko) Chrome/77.0.3865.120 Safari/537.36"
::1 - - [30/Oct/2019:13:45:26 +0000] "GET /js/jquery.js HTTP/1.1" 200 95788 "http://localhost:8000/" "Mozilla/5.0 (Windows NT 10.0; Win64; x64) AppleWebKit/537.36 (KHTML, like Gecko) Chrome/77.0.3865.120 Safari/537.36"
::1 - - [30/Oct/2019:13:45:26 +0000] "GET /img/bg.jpg HTTP/1.1" 200 158488 "http://localhost:8000/css/stylish-portfolio.css" "Mozilla/5.0 (Windows NT 10.0; Win64; x64) AppleWebKit/537.36 (KHTML, like Gecko) Chrome/77.0.3865.120 Safari/537.36"
::1 - - [30/Oct/2019:13:45:27 +0000] "GET /font-awesome/fonts/fontawesome-webfont.woff2?v=4.3.0 HTTP/1.1" 200 56780 "http://localhost:8000/font-awesome/css/font-awesome.min.css" "Mozilla/5.0 (Windows NT 10.0; Win64; x64) AppleWebKit/537.36 (KHTML, like Gecko) Chrome/77.0.3865.120 Safari/537.36"
::1 - - [30/Oct/2019:13:49:16 +0000] "GET / HTTP/1.1" 200 17283 "-" "Mozilla/5.0 (Windows NT 10.0; Win64; x64) AppleWebKit/537.36 (KHTML, like Gecko) Chrome/77.0.3865.120 Safari/537.36"
::1 - - [30/Oct/2019:13:49:16 +0000] "GET /css/bootstrap.min.css HTTP/1.1" 200 121205 "http://localhost:8000/" "Mozilla/5.0 (Windows NT 10.0; Win64; x64) AppleWebKit/537.36 (KHTML, like Gecko) Chrome/77.0.3865.120 Safari/537.36"
::1 - - [30/Oct/2019:13:49:16 +0000] "GET /css/stylish-portfolio.css HTTP/1.1" 200 4138 "http://localhost:8000/" "Mozilla/5.0 (Windows NT 10.0; Win64; x64) AppleWebKit/537.36 (KHTML, like Gecko) Chrome/77.0.3865.120 Safari/537.36"
::1 - - [30/Oct/2019:13:49:16 +0000] "GET /font-awesome/css/font-awesome.min.css HTTP/1.1" 200 23742 "http://localhost:8000/" "Mozilla/5.0 (Windows NT 10.0; Win64; x64) AppleWebKit/537.36 (KHTML, like Gecko) Chrome/77.0.3865.120 Safari/537.36"
::1 - - [30/Oct/2019:13:49:16 +0000] "GET /js/jquery.js HTTP/1.1" 200 95788 "http://localhost:8000/" "Mozilla/5.0 (Windows NT 10.0; Win64; x64) AppleWebKit/537.36 (KHTML, like Gecko) Chrome/77.0.3865.120 Safari/537.36"
::1 - - [30/Oct/2019:13:49:16 +0000] "GET /js/bootstrap.min.js HTTP/1.1" 200 37051 "http://localhost:8000/" "Mozilla/5.0 (Windows NT 10.0; Win64; x64) AppleWebKit/537.36 (KHTML, like Gecko) Chrome/77.0.3865.120 Safari/537.36"
::1 - - [30/Oct/2019:13:49:16 +0000] "GET /img/bg.jpg HTTP/1.1" 200 158488 "http://localhost:8000/css/stylish-portfolio.css" "Mozilla/5.0 (Windows NT 10.0; Win64; x64) AppleWebKit/537.36 (KHTML, like Gecko) Chrome/77.0.3865.120 Safari/537.36"
::1 - - [30/Oct/2019:13:49:16 +0000] "GET /font-awesome/fonts/fontawesome-webfont.woff2?v=4.3.0 HTTP/1.1" 200 56780 "http://localhost:8000/font-awesome/css/font-awesome.min.css" "Mozilla/5.0 (Windows NT 10.0; Win64; x64) AppleWebKit/537.36 (KHTML, like Gecko) Chrome/77.0.3865.120 Safari/537.36"
::1 - - [30/Oct/2019:13:49:21 +0000] "GET /todolist/gdhong HTTP/1.1" 200 462 "http://localhost:8000/" "Mozilla/5.0 (Windows NT 10.0; Win64; x64) AppleWebKit/537.36 (KHTML, like Gecko) Chrome/77.0.3865.120 Safari/537.36"
::1 - - [30/Oct/2019:13:50:16 +0000] "POST /todolist/gdhong HTTP/1.1" 200 141 "-" "PostmanRuntime/7.19.0"
::1 - - [30/Oct/2019:13:57:40 +0000] "GET / HTTP/1.1" 200 17283 "-" "Mozilla/5.0 (Windows NT 10.0; Win64; x64) AppleWebKit/537.36 (KHTML, like Gecko) Chrome/77.0.3865.120 Safari/537.36"
::1 - - [30/Oct/2019:13:57:41 +0000] "GET /css/bootstrap.min.css HTTP/1.1" 200 121205 "http://localhost:8000/" "Mozilla/5.0 (Windows NT 10.0; Win64; x64) AppleWebKit/537.36 (KHTML, like Gecko) Chrome/77.0.3865.120 Safari/537.36"
::1 - - [30/Oct/2019:13:57:41 +0000] "GET /css/stylish-portfolio.css HTTP/1.1" 200 4138 "http://localhost:8000/" "Mozilla/5.0 (Windows NT 10.0; Win64; x64) AppleWebKit/537.36 (KHTML, like Gecko) Chrome/77.0.3865.120 Safari/537.36"
::1 - - [30/Oct/2019:13:57:41 +0000] "GET /js/bootstrap.min.js HTTP/1.1" 200 37051 "http://localhost:8000/" "Mozilla/5.0 (Windows NT 10.0; Win64; x64) AppleWebKit/537.36 (KHTML, like Gecko) Chrome/77.0.3865.120 Safari/537.36"
::1 - - [30/Oct/2019:13:57:41 +0000] "GET /font-awesome/css/font-awesome.min.css HTTP/1.1" 200 23742 "http://localhost:8000/" "Mozilla/5.0 (Windows NT 10.0; Win64; x64) AppleWebKit/537.36 (KHTML, like Gecko) Chrome/77.0.3865.120 Safari/537.36"
::1 - - [30/Oct/2019:13:57:41 +0000] "GET /js/jquery.js HTTP/1.1" 200 95788 "http://localhost:8000/" "Mozilla/5.0 (Windows NT 10.0; Win64; x64) AppleWebKit/537.36 (KHTML, like Gecko) Chrome/77.0.3865.120 Safari/537.36"
::1 - - [30/Oct/2019:13:57:41 +0000] "GET /img/bg.jpg HTTP/1.1" 200 158488 "http://localhost:8000/css/stylish-portfolio.css" "Mozilla/5.0 (Windows NT 10.0; Win64; x64) AppleWebKit/537.36 (KHTML, like Gecko) Chrome/77.0.3865.120 Safari/537.36"
::1 - - [30/Oct/2019:13:57:41 +0000] "GET /font-awesome/fonts/fontawesome-webfont.woff2?v=4.3.0 HTTP/1.1" 200 56780 "http://localhost:8000/font-awesome/css/font-awesome.min.css" "Mozilla/5.0 (Windows NT 10.0; Win64; x64) AppleWebKit/537.36 (KHTML, like Gecko) Chrome/77.0.3865.120 Safari/537.36"
::1 - - [30/Oct/2019:14:00:53 +0000] "GET /todolist/gdhong HTTP/1.1" 200 374 "http://localhost:8000/" "Mozilla/5.0 (Windows NT 10.0; Win64; x64) AppleWebKit/537.36 (KHTML, like Gecko) Chrome/77.0.3865.120 Safari/537.36"
::1 - - [30/Oct/2019:14:00:58 +0000] "POST /todolist/gdhong HTTP/1.1" 200 141 "-" "PostmanRuntime/7.19.0"
::1 - - [30/Oct/2019:14:01:00 +0000] "GET /todolist/gdhong HTTP/1.1" 200 475 "http://localhost:8000/" "Mozilla/5.0 (Windows NT 10.0; Win64; x64) AppleWebKit/537.36 (KHTML, like Gecko) Chrome/77.0.3865.120 Safari/537.36"
::1 - - [30/Oct/2019:14:01:15 +0000] "GET /todolist/gdhong HTTP/1.1" 200 374 "http://localhost:8000/" "Mozilla/5.0 (Windows NT 10.0; Win64; x64) AppleWebKit/537.36 (KHTML, like Gecko) Chrome/77.0.3865.120 Safari/537.36"
::1 - - [30/Oct/2019:14:02:23 +0000] "GET /todolist/gdhong HTTP/1.1" 200 374 "http://localhost:8000/" "Mozilla/5.0 (Windows NT 10.0; Win64; x64) AppleWebKit/537.36 (KHTML, like Gecko) Chrome/77.0.3865.120 Safari/537.36"
